[2025-01-15T15:30:51.585+0000] {processor.py:157} INFO - Started process (PID=166) to work on /opt/airflow/dags/wikitext_dag.py
[2025-01-15T15:30:51.607+0000] {processor.py:829} INFO - Processing file /opt/airflow/dags/wikitext_dag.py for tasks to queue
[2025-01-15T15:30:51.621+0000] {logging_mixin.py:151} INFO - [2025-01-15T15:30:51.614+0000] {dagbag.py:539} INFO - Filling up the DagBag from /opt/airflow/dags/wikitext_dag.py
[2025-01-15T15:30:51.821+0000] {processor.py:839} INFO - DAG(s) dict_keys(['data_lake_pipeline']) retrieved from /opt/airflow/dags/wikitext_dag.py
[2025-01-15T15:30:52.697+0000] {logging_mixin.py:151} INFO - [2025-01-15T15:30:52.696+0000] {manager.py:499} INFO - Created Permission View: %s
[2025-01-15T15:30:52.713+0000] {logging_mixin.py:151} INFO - [2025-01-15T15:30:52.712+0000] {manager.py:499} INFO - Created Permission View: %s
[2025-01-15T15:30:52.719+0000] {logging_mixin.py:151} INFO - [2025-01-15T15:30:52.719+0000] {manager.py:499} INFO - Created Permission View: %s
[2025-01-15T15:30:52.720+0000] {logging_mixin.py:151} INFO - [2025-01-15T15:30:52.720+0000] {security.py:708} INFO - Not syncing DAG-level permissions for DAG 'DAG:data_lake_pipeline' as access control is unset.
[2025-01-15T15:30:52.723+0000] {logging_mixin.py:151} INFO - [2025-01-15T15:30:52.723+0000] {dag.py:2915} INFO - Sync 1 DAGs
[2025-01-15T15:30:55.657+0000] {logging_mixin.py:151} INFO - [2025-01-15T15:30:55.656+0000] {dag.py:2937} INFO - Creating ORM DAG for data_lake_pipeline
[2025-01-15T15:30:55.729+0000] {logging_mixin.py:151} INFO - [2025-01-15T15:30:55.729+0000] {dag.py:3696} INFO - Setting next_dagrun for data_lake_pipeline to 2025-01-01T00:00:00+00:00, run_after=2025-01-02T00:00:00+00:00
[2025-01-15T15:30:55.832+0000] {processor.py:179} INFO - Processing /opt/airflow/dags/wikitext_dag.py took 4.314 seconds
[2025-01-15T15:31:26.893+0000] {processor.py:157} INFO - Started process (PID=176) to work on /opt/airflow/dags/wikitext_dag.py
[2025-01-15T15:31:26.911+0000] {processor.py:829} INFO - Processing file /opt/airflow/dags/wikitext_dag.py for tasks to queue
[2025-01-15T15:31:26.933+0000] {logging_mixin.py:151} INFO - [2025-01-15T15:31:26.926+0000] {dagbag.py:539} INFO - Filling up the DagBag from /opt/airflow/dags/wikitext_dag.py
[2025-01-15T15:31:27.416+0000] {processor.py:839} INFO - DAG(s) dict_keys(['data_lake_pipeline']) retrieved from /opt/airflow/dags/wikitext_dag.py
[2025-01-15T15:31:28.045+0000] {logging_mixin.py:151} INFO - [2025-01-15T15:31:28.043+0000] {dag.py:2915} INFO - Sync 1 DAGs
[2025-01-15T15:31:28.336+0000] {logging_mixin.py:151} INFO - [2025-01-15T15:31:28.330+0000] {dag.py:3696} INFO - Setting next_dagrun for data_lake_pipeline to 2025-01-01T00:00:00+00:00, run_after=2025-01-02T00:00:00+00:00
[2025-01-15T15:31:28.495+0000] {processor.py:179} INFO - Processing /opt/airflow/dags/wikitext_dag.py took 1.736 seconds
[2025-01-15T15:31:59.595+0000] {processor.py:157} INFO - Started process (PID=186) to work on /opt/airflow/dags/wikitext_dag.py
[2025-01-15T15:31:59.606+0000] {processor.py:829} INFO - Processing file /opt/airflow/dags/wikitext_dag.py for tasks to queue
[2025-01-15T15:31:59.626+0000] {logging_mixin.py:151} INFO - [2025-01-15T15:31:59.613+0000] {dagbag.py:539} INFO - Filling up the DagBag from /opt/airflow/dags/wikitext_dag.py
[2025-01-15T15:32:00.280+0000] {processor.py:839} INFO - DAG(s) dict_keys(['data_lake_pipeline']) retrieved from /opt/airflow/dags/wikitext_dag.py
[2025-01-15T15:32:01.006+0000] {logging_mixin.py:151} INFO - [2025-01-15T15:32:01.006+0000] {dag.py:2915} INFO - Sync 1 DAGs
[2025-01-15T15:32:01.510+0000] {logging_mixin.py:151} INFO - [2025-01-15T15:32:01.510+0000] {dag.py:3696} INFO - Setting next_dagrun for data_lake_pipeline to 2025-01-01T00:00:00+00:00, run_after=2025-01-02T00:00:00+00:00
[2025-01-15T15:32:01.663+0000] {processor.py:179} INFO - Processing /opt/airflow/dags/wikitext_dag.py took 2.161 seconds
[2025-01-15T15:32:33.036+0000] {processor.py:157} INFO - Started process (PID=196) to work on /opt/airflow/dags/wikitext_dag.py
[2025-01-15T15:32:33.070+0000] {processor.py:829} INFO - Processing file /opt/airflow/dags/wikitext_dag.py for tasks to queue
[2025-01-15T15:32:33.172+0000] {logging_mixin.py:151} INFO - [2025-01-15T15:32:33.156+0000] {dagbag.py:539} INFO - Filling up the DagBag from /opt/airflow/dags/wikitext_dag.py
[2025-01-15T15:32:34.318+0000] {processor.py:839} INFO - DAG(s) dict_keys(['data_lake_pipeline']) retrieved from /opt/airflow/dags/wikitext_dag.py
[2025-01-15T15:32:35.563+0000] {logging_mixin.py:151} INFO - [2025-01-15T15:32:35.561+0000] {dag.py:2915} INFO - Sync 1 DAGs
[2025-01-15T15:32:36.139+0000] {logging_mixin.py:151} INFO - [2025-01-15T15:32:36.136+0000] {dag.py:3696} INFO - Setting next_dagrun for data_lake_pipeline to 2025-01-01T00:00:00+00:00, run_after=2025-01-02T00:00:00+00:00
[2025-01-15T15:32:36.495+0000] {processor.py:179} INFO - Processing /opt/airflow/dags/wikitext_dag.py took 3.759 seconds
[2025-01-15T15:33:08.310+0000] {processor.py:157} INFO - Started process (PID=221) to work on /opt/airflow/dags/wikitext_dag.py
[2025-01-15T15:33:08.353+0000] {processor.py:829} INFO - Processing file /opt/airflow/dags/wikitext_dag.py for tasks to queue
[2025-01-15T15:33:08.386+0000] {logging_mixin.py:151} INFO - [2025-01-15T15:33:08.369+0000] {dagbag.py:539} INFO - Filling up the DagBag from /opt/airflow/dags/wikitext_dag.py
[2025-01-15T15:33:08.956+0000] {processor.py:839} INFO - DAG(s) dict_keys(['data_lake_pipeline']) retrieved from /opt/airflow/dags/wikitext_dag.py
[2025-01-15T15:33:11.278+0000] {logging_mixin.py:151} INFO - [2025-01-15T15:33:11.265+0000] {dag.py:2915} INFO - Sync 1 DAGs
[2025-01-15T15:33:11.982+0000] {logging_mixin.py:151} INFO - [2025-01-15T15:33:11.980+0000] {dag.py:3696} INFO - Setting next_dagrun for data_lake_pipeline to 2025-01-15T00:00:00+00:00, run_after=2025-01-16T00:00:00+00:00
[2025-01-15T15:33:20.058+0000] {processor.py:179} INFO - Processing /opt/airflow/dags/wikitext_dag.py took 11.947 seconds
[2025-01-15T15:33:52.491+0000] {processor.py:157} INFO - Started process (PID=366) to work on /opt/airflow/dags/wikitext_dag.py
[2025-01-15T15:33:52.564+0000] {processor.py:829} INFO - Processing file /opt/airflow/dags/wikitext_dag.py for tasks to queue
[2025-01-15T15:33:52.627+0000] {logging_mixin.py:151} INFO - [2025-01-15T15:33:52.586+0000] {dagbag.py:539} INFO - Filling up the DagBag from /opt/airflow/dags/wikitext_dag.py
[2025-01-15T15:33:59.671+0000] {processor.py:839} INFO - DAG(s) dict_keys(['data_lake_pipeline']) retrieved from /opt/airflow/dags/wikitext_dag.py
[2025-01-15T15:34:05.669+0000] {logging_mixin.py:151} INFO - [2025-01-15T15:34:05.555+0000] {dag.py:2915} INFO - Sync 1 DAGs
[2025-01-15T17:04:55.743+0000] {processor.py:157} INFO - Started process (PID=167) to work on /opt/airflow/dags/wikitext_dag.py
[2025-01-15T17:04:55.744+0000] {processor.py:829} INFO - Processing file /opt/airflow/dags/wikitext_dag.py for tasks to queue
[2025-01-15T17:04:55.745+0000] {logging_mixin.py:151} INFO - [2025-01-15T17:04:55.745+0000] {dagbag.py:539} INFO - Filling up the DagBag from /opt/airflow/dags/wikitext_dag.py
[2025-01-15T17:04:55.780+0000] {processor.py:839} INFO - DAG(s) dict_keys(['data_lake_pipeline']) retrieved from /opt/airflow/dags/wikitext_dag.py
[2025-01-15T17:04:55.931+0000] {logging_mixin.py:151} INFO - [2025-01-15T17:04:55.931+0000] {manager.py:499} INFO - Created Permission View: %s
[2025-01-15T17:04:55.935+0000] {logging_mixin.py:151} INFO - [2025-01-15T17:04:55.935+0000] {manager.py:499} INFO - Created Permission View: %s
[2025-01-15T17:04:55.938+0000] {logging_mixin.py:151} INFO - [2025-01-15T17:04:55.938+0000] {manager.py:499} INFO - Created Permission View: %s
[2025-01-15T17:04:55.938+0000] {logging_mixin.py:151} INFO - [2025-01-15T17:04:55.938+0000] {security.py:708} INFO - Not syncing DAG-level permissions for DAG 'DAG:data_lake_pipeline' as access control is unset.
[2025-01-15T17:04:55.939+0000] {logging_mixin.py:151} INFO - [2025-01-15T17:04:55.939+0000] {dag.py:2915} INFO - Sync 1 DAGs
[2025-01-15T17:04:56.088+0000] {logging_mixin.py:151} INFO - [2025-01-15T17:04:56.088+0000] {dag.py:2937} INFO - Creating ORM DAG for data_lake_pipeline
[2025-01-15T17:04:56.093+0000] {logging_mixin.py:151} INFO - [2025-01-15T17:04:56.093+0000] {dag.py:3696} INFO - Setting next_dagrun for data_lake_pipeline to 2025-01-01T00:00:00+00:00, run_after=2025-01-02T00:00:00+00:00
[2025-01-15T17:04:56.103+0000] {processor.py:179} INFO - Processing /opt/airflow/dags/wikitext_dag.py took 0.368 seconds
[2025-01-15T17:05:26.407+0000] {processor.py:157} INFO - Started process (PID=177) to work on /opt/airflow/dags/wikitext_dag.py
[2025-01-15T17:05:26.409+0000] {processor.py:829} INFO - Processing file /opt/airflow/dags/wikitext_dag.py for tasks to queue
[2025-01-15T17:05:26.410+0000] {logging_mixin.py:151} INFO - [2025-01-15T17:05:26.410+0000] {dagbag.py:539} INFO - Filling up the DagBag from /opt/airflow/dags/wikitext_dag.py
[2025-01-15T17:05:26.423+0000] {processor.py:839} INFO - DAG(s) dict_keys(['data_lake_pipeline']) retrieved from /opt/airflow/dags/wikitext_dag.py
[2025-01-15T17:05:26.463+0000] {logging_mixin.py:151} INFO - [2025-01-15T17:05:26.463+0000] {dag.py:2915} INFO - Sync 1 DAGs
[2025-01-15T17:05:26.478+0000] {logging_mixin.py:151} INFO - [2025-01-15T17:05:26.478+0000] {dag.py:3696} INFO - Setting next_dagrun for data_lake_pipeline to 2025-01-01T00:00:00+00:00, run_after=2025-01-02T00:00:00+00:00
[2025-01-15T17:05:26.489+0000] {processor.py:179} INFO - Processing /opt/airflow/dags/wikitext_dag.py took 0.092 seconds
[2025-01-15T17:05:56.711+0000] {processor.py:157} INFO - Started process (PID=187) to work on /opt/airflow/dags/wikitext_dag.py
[2025-01-15T17:05:56.712+0000] {processor.py:829} INFO - Processing file /opt/airflow/dags/wikitext_dag.py for tasks to queue
[2025-01-15T17:05:56.713+0000] {logging_mixin.py:151} INFO - [2025-01-15T17:05:56.713+0000] {dagbag.py:539} INFO - Filling up the DagBag from /opt/airflow/dags/wikitext_dag.py
[2025-01-15T17:05:56.733+0000] {processor.py:839} INFO - DAG(s) dict_keys(['data_lake_pipeline']) retrieved from /opt/airflow/dags/wikitext_dag.py
[2025-01-15T17:05:56.763+0000] {logging_mixin.py:151} INFO - [2025-01-15T17:05:56.763+0000] {dag.py:2915} INFO - Sync 1 DAGs
[2025-01-15T17:05:56.795+0000] {logging_mixin.py:151} INFO - [2025-01-15T17:05:56.795+0000] {dag.py:3696} INFO - Setting next_dagrun for data_lake_pipeline to 2025-01-01T00:00:00+00:00, run_after=2025-01-02T00:00:00+00:00
[2025-01-15T17:05:56.812+0000] {processor.py:179} INFO - Processing /opt/airflow/dags/wikitext_dag.py took 0.105 seconds
[2025-01-15T17:06:27.078+0000] {processor.py:157} INFO - Started process (PID=197) to work on /opt/airflow/dags/wikitext_dag.py
[2025-01-15T17:06:27.080+0000] {processor.py:829} INFO - Processing file /opt/airflow/dags/wikitext_dag.py for tasks to queue
[2025-01-15T17:06:27.082+0000] {logging_mixin.py:151} INFO - [2025-01-15T17:06:27.082+0000] {dagbag.py:539} INFO - Filling up the DagBag from /opt/airflow/dags/wikitext_dag.py
[2025-01-15T17:06:27.096+0000] {processor.py:839} INFO - DAG(s) dict_keys(['data_lake_pipeline']) retrieved from /opt/airflow/dags/wikitext_dag.py
[2025-01-15T17:06:27.129+0000] {logging_mixin.py:151} INFO - [2025-01-15T17:06:27.129+0000] {dag.py:2915} INFO - Sync 1 DAGs
[2025-01-15T17:06:27.157+0000] {logging_mixin.py:151} INFO - [2025-01-15T17:06:27.156+0000] {dag.py:3696} INFO - Setting next_dagrun for data_lake_pipeline to 2025-01-01T00:00:00+00:00, run_after=2025-01-02T00:00:00+00:00
[2025-01-15T17:06:27.179+0000] {processor.py:179} INFO - Processing /opt/airflow/dags/wikitext_dag.py took 0.105 seconds
[2025-01-15T17:06:57.881+0000] {processor.py:157} INFO - Started process (PID=218) to work on /opt/airflow/dags/wikitext_dag.py
[2025-01-15T17:06:57.896+0000] {processor.py:829} INFO - Processing file /opt/airflow/dags/wikitext_dag.py for tasks to queue
[2025-01-15T17:06:57.899+0000] {logging_mixin.py:151} INFO - [2025-01-15T17:06:57.898+0000] {dagbag.py:539} INFO - Filling up the DagBag from /opt/airflow/dags/wikitext_dag.py
[2025-01-15T17:06:58.061+0000] {processor.py:839} INFO - DAG(s) dict_keys(['data_lake_pipeline']) retrieved from /opt/airflow/dags/wikitext_dag.py
[2025-01-15T17:06:58.258+0000] {logging_mixin.py:151} INFO - [2025-01-15T17:06:58.257+0000] {dag.py:2915} INFO - Sync 1 DAGs
[2025-01-15T17:06:58.444+0000] {logging_mixin.py:151} INFO - [2025-01-15T17:06:58.441+0000] {dag.py:3696} INFO - Setting next_dagrun for data_lake_pipeline to 2025-01-15T00:00:00+00:00, run_after=2025-01-16T00:00:00+00:00
[2025-01-15T17:06:59.144+0000] {processor.py:179} INFO - Processing /opt/airflow/dags/wikitext_dag.py took 1.295 seconds
[2025-01-15T17:07:30.984+0000] {processor.py:157} INFO - Started process (PID=694) to work on /opt/airflow/dags/wikitext_dag.py
[2025-01-15T17:07:31.024+0000] {processor.py:829} INFO - Processing file /opt/airflow/dags/wikitext_dag.py for tasks to queue
[2025-01-15T17:07:31.060+0000] {logging_mixin.py:151} INFO - [2025-01-15T17:07:31.049+0000] {dagbag.py:539} INFO - Filling up the DagBag from /opt/airflow/dags/wikitext_dag.py
[2025-01-15T17:07:31.506+0000] {processor.py:839} INFO - DAG(s) dict_keys(['data_lake_pipeline']) retrieved from /opt/airflow/dags/wikitext_dag.py
[2025-01-15T17:07:32.774+0000] {logging_mixin.py:151} INFO - [2025-01-15T17:07:32.727+0000] {dag.py:2915} INFO - Sync 1 DAGs
[2025-01-15T17:07:38.413+0000] {logging_mixin.py:151} INFO - [2025-01-15T17:07:38.412+0000] {dag.py:3696} INFO - Setting next_dagrun for data_lake_pipeline to 2025-01-15T00:00:00+00:00, run_after=2025-01-16T00:00:00+00:00
[2025-01-15T17:07:38.670+0000] {processor.py:179} INFO - Processing /opt/airflow/dags/wikitext_dag.py took 7.881 seconds
[2025-01-15T17:08:09.594+0000] {processor.py:157} INFO - Started process (PID=887) to work on /opt/airflow/dags/wikitext_dag.py
[2025-01-15T17:08:09.596+0000] {processor.py:829} INFO - Processing file /opt/airflow/dags/wikitext_dag.py for tasks to queue
[2025-01-15T17:08:09.599+0000] {logging_mixin.py:151} INFO - [2025-01-15T17:08:09.598+0000] {dagbag.py:539} INFO - Filling up the DagBag from /opt/airflow/dags/wikitext_dag.py
[2025-01-15T17:08:09.622+0000] {processor.py:839} INFO - DAG(s) dict_keys(['data_lake_pipeline']) retrieved from /opt/airflow/dags/wikitext_dag.py
[2025-01-15T17:08:09.663+0000] {logging_mixin.py:151} INFO - [2025-01-15T17:08:09.663+0000] {dag.py:2915} INFO - Sync 1 DAGs
[2025-01-15T17:08:09.896+0000] {logging_mixin.py:151} INFO - [2025-01-15T17:08:09.896+0000] {dag.py:3696} INFO - Setting next_dagrun for data_lake_pipeline to 2025-01-15T00:00:00+00:00, run_after=2025-01-16T00:00:00+00:00
[2025-01-15T17:08:09.908+0000] {processor.py:179} INFO - Processing /opt/airflow/dags/wikitext_dag.py took 0.322 seconds
[2025-01-15T17:08:40.068+0000] {processor.py:157} INFO - Started process (PID=897) to work on /opt/airflow/dags/wikitext_dag.py
[2025-01-15T17:08:40.074+0000] {processor.py:829} INFO - Processing file /opt/airflow/dags/wikitext_dag.py for tasks to queue
[2025-01-15T17:08:40.075+0000] {logging_mixin.py:151} INFO - [2025-01-15T17:08:40.075+0000] {dagbag.py:539} INFO - Filling up the DagBag from /opt/airflow/dags/wikitext_dag.py
[2025-01-15T17:08:40.105+0000] {processor.py:839} INFO - DAG(s) dict_keys(['data_lake_pipeline']) retrieved from /opt/airflow/dags/wikitext_dag.py
[2025-01-15T17:08:40.395+0000] {logging_mixin.py:151} INFO - [2025-01-15T17:08:40.395+0000] {dag.py:2915} INFO - Sync 1 DAGs
[2025-01-15T17:08:40.409+0000] {logging_mixin.py:151} INFO - [2025-01-15T17:08:40.409+0000] {dag.py:3696} INFO - Setting next_dagrun for data_lake_pipeline to 2025-01-15T00:00:00+00:00, run_after=2025-01-16T00:00:00+00:00
[2025-01-15T17:08:40.424+0000] {processor.py:179} INFO - Processing /opt/airflow/dags/wikitext_dag.py took 0.370 seconds
[2025-01-15T17:09:10.605+0000] {processor.py:157} INFO - Started process (PID=907) to work on /opt/airflow/dags/wikitext_dag.py
[2025-01-15T17:09:10.609+0000] {processor.py:829} INFO - Processing file /opt/airflow/dags/wikitext_dag.py for tasks to queue
[2025-01-15T17:09:10.611+0000] {logging_mixin.py:151} INFO - [2025-01-15T17:09:10.610+0000] {dagbag.py:539} INFO - Filling up the DagBag from /opt/airflow/dags/wikitext_dag.py
[2025-01-15T17:09:10.968+0000] {processor.py:839} INFO - DAG(s) dict_keys(['data_lake_pipeline']) retrieved from /opt/airflow/dags/wikitext_dag.py
[2025-01-15T17:09:11.010+0000] {logging_mixin.py:151} INFO - [2025-01-15T17:09:11.010+0000] {dag.py:2915} INFO - Sync 1 DAGs
[2025-01-15T17:09:11.034+0000] {logging_mixin.py:151} INFO - [2025-01-15T17:09:11.034+0000] {dag.py:3696} INFO - Setting next_dagrun for data_lake_pipeline to 2025-01-15T00:00:00+00:00, run_after=2025-01-16T00:00:00+00:00
[2025-01-15T17:09:11.050+0000] {processor.py:179} INFO - Processing /opt/airflow/dags/wikitext_dag.py took 0.454 seconds
[2025-01-15T17:09:41.274+0000] {processor.py:157} INFO - Started process (PID=917) to work on /opt/airflow/dags/wikitext_dag.py
[2025-01-15T17:09:41.275+0000] {processor.py:829} INFO - Processing file /opt/airflow/dags/wikitext_dag.py for tasks to queue
[2025-01-15T17:09:41.276+0000] {logging_mixin.py:151} INFO - [2025-01-15T17:09:41.276+0000] {dagbag.py:539} INFO - Filling up the DagBag from /opt/airflow/dags/wikitext_dag.py
[2025-01-15T17:09:41.293+0000] {processor.py:839} INFO - DAG(s) dict_keys(['data_lake_pipeline']) retrieved from /opt/airflow/dags/wikitext_dag.py
[2025-01-15T17:09:41.332+0000] {logging_mixin.py:151} INFO - [2025-01-15T17:09:41.332+0000] {dag.py:2915} INFO - Sync 1 DAGs
[2025-01-15T17:09:41.353+0000] {logging_mixin.py:151} INFO - [2025-01-15T17:09:41.353+0000] {dag.py:3696} INFO - Setting next_dagrun for data_lake_pipeline to 2025-01-15T00:00:00+00:00, run_after=2025-01-16T00:00:00+00:00
[2025-01-15T17:09:41.378+0000] {processor.py:179} INFO - Processing /opt/airflow/dags/wikitext_dag.py took 0.110 seconds
[2025-01-15T17:10:11.649+0000] {processor.py:157} INFO - Started process (PID=927) to work on /opt/airflow/dags/wikitext_dag.py
[2025-01-15T17:10:11.654+0000] {processor.py:829} INFO - Processing file /opt/airflow/dags/wikitext_dag.py for tasks to queue
[2025-01-15T17:10:11.655+0000] {logging_mixin.py:151} INFO - [2025-01-15T17:10:11.655+0000] {dagbag.py:539} INFO - Filling up the DagBag from /opt/airflow/dags/wikitext_dag.py
[2025-01-15T17:10:11.683+0000] {processor.py:839} INFO - DAG(s) dict_keys(['data_lake_pipeline']) retrieved from /opt/airflow/dags/wikitext_dag.py
[2025-01-15T17:10:11.733+0000] {logging_mixin.py:151} INFO - [2025-01-15T17:10:11.733+0000] {dag.py:2915} INFO - Sync 1 DAGs
[2025-01-15T17:10:11.757+0000] {logging_mixin.py:151} INFO - [2025-01-15T17:10:11.757+0000] {dag.py:3696} INFO - Setting next_dagrun for data_lake_pipeline to 2025-01-15T00:00:00+00:00, run_after=2025-01-16T00:00:00+00:00
[2025-01-15T17:10:11.773+0000] {processor.py:179} INFO - Processing /opt/airflow/dags/wikitext_dag.py took 0.135 seconds
[2025-01-15T17:10:42.231+0000] {processor.py:157} INFO - Started process (PID=937) to work on /opt/airflow/dags/wikitext_dag.py
[2025-01-15T17:10:42.232+0000] {processor.py:829} INFO - Processing file /opt/airflow/dags/wikitext_dag.py for tasks to queue
[2025-01-15T17:10:42.235+0000] {logging_mixin.py:151} INFO - [2025-01-15T17:10:42.234+0000] {dagbag.py:539} INFO - Filling up the DagBag from /opt/airflow/dags/wikitext_dag.py
[2025-01-15T17:10:42.260+0000] {processor.py:839} INFO - DAG(s) dict_keys(['data_lake_pipeline']) retrieved from /opt/airflow/dags/wikitext_dag.py
[2025-01-15T17:10:42.300+0000] {logging_mixin.py:151} INFO - [2025-01-15T17:10:42.300+0000] {dag.py:2915} INFO - Sync 1 DAGs
[2025-01-15T17:10:42.321+0000] {logging_mixin.py:151} INFO - [2025-01-15T17:10:42.321+0000] {dag.py:3696} INFO - Setting next_dagrun for data_lake_pipeline to 2025-01-15T00:00:00+00:00, run_after=2025-01-16T00:00:00+00:00
[2025-01-15T17:10:42.336+0000] {processor.py:179} INFO - Processing /opt/airflow/dags/wikitext_dag.py took 0.118 seconds
[2025-01-15T17:11:12.730+0000] {processor.py:157} INFO - Started process (PID=947) to work on /opt/airflow/dags/wikitext_dag.py
[2025-01-15T17:11:12.733+0000] {processor.py:829} INFO - Processing file /opt/airflow/dags/wikitext_dag.py for tasks to queue
[2025-01-15T17:11:12.735+0000] {logging_mixin.py:151} INFO - [2025-01-15T17:11:12.734+0000] {dagbag.py:539} INFO - Filling up the DagBag from /opt/airflow/dags/wikitext_dag.py
[2025-01-15T17:11:12.759+0000] {processor.py:839} INFO - DAG(s) dict_keys(['data_lake_pipeline']) retrieved from /opt/airflow/dags/wikitext_dag.py
[2025-01-15T17:11:12.802+0000] {logging_mixin.py:151} INFO - [2025-01-15T17:11:12.802+0000] {dag.py:2915} INFO - Sync 1 DAGs
[2025-01-15T17:11:12.824+0000] {logging_mixin.py:151} INFO - [2025-01-15T17:11:12.824+0000] {dag.py:3696} INFO - Setting next_dagrun for data_lake_pipeline to 2025-01-15T00:00:00+00:00, run_after=2025-01-16T00:00:00+00:00
[2025-01-15T17:11:12.843+0000] {processor.py:179} INFO - Processing /opt/airflow/dags/wikitext_dag.py took 0.124 seconds
[2025-01-15T17:11:43.119+0000] {processor.py:157} INFO - Started process (PID=957) to work on /opt/airflow/dags/wikitext_dag.py
[2025-01-15T17:11:43.122+0000] {processor.py:829} INFO - Processing file /opt/airflow/dags/wikitext_dag.py for tasks to queue
[2025-01-15T17:11:43.126+0000] {logging_mixin.py:151} INFO - [2025-01-15T17:11:43.125+0000] {dagbag.py:539} INFO - Filling up the DagBag from /opt/airflow/dags/wikitext_dag.py
[2025-01-15T17:11:43.148+0000] {processor.py:839} INFO - DAG(s) dict_keys(['data_lake_pipeline']) retrieved from /opt/airflow/dags/wikitext_dag.py
[2025-01-15T17:11:43.189+0000] {logging_mixin.py:151} INFO - [2025-01-15T17:11:43.189+0000] {dag.py:2915} INFO - Sync 1 DAGs
[2025-01-15T17:11:43.212+0000] {logging_mixin.py:151} INFO - [2025-01-15T17:11:43.212+0000] {dag.py:3696} INFO - Setting next_dagrun for data_lake_pipeline to 2025-01-15T00:00:00+00:00, run_after=2025-01-16T00:00:00+00:00
[2025-01-15T17:11:43.228+0000] {processor.py:179} INFO - Processing /opt/airflow/dags/wikitext_dag.py took 0.121 seconds
[2025-01-15T17:12:13.576+0000] {processor.py:157} INFO - Started process (PID=967) to work on /opt/airflow/dags/wikitext_dag.py
[2025-01-15T17:12:13.580+0000] {processor.py:829} INFO - Processing file /opt/airflow/dags/wikitext_dag.py for tasks to queue
[2025-01-15T17:12:13.582+0000] {logging_mixin.py:151} INFO - [2025-01-15T17:12:13.581+0000] {dagbag.py:539} INFO - Filling up the DagBag from /opt/airflow/dags/wikitext_dag.py
[2025-01-15T17:12:13.608+0000] {processor.py:839} INFO - DAG(s) dict_keys(['data_lake_pipeline']) retrieved from /opt/airflow/dags/wikitext_dag.py
[2025-01-15T17:12:13.660+0000] {logging_mixin.py:151} INFO - [2025-01-15T17:12:13.660+0000] {dag.py:2915} INFO - Sync 1 DAGs
[2025-01-15T17:12:13.688+0000] {logging_mixin.py:151} INFO - [2025-01-15T17:12:13.688+0000] {dag.py:3696} INFO - Setting next_dagrun for data_lake_pipeline to 2025-01-15T00:00:00+00:00, run_after=2025-01-16T00:00:00+00:00
[2025-01-15T17:12:13.703+0000] {processor.py:179} INFO - Processing /opt/airflow/dags/wikitext_dag.py took 0.131 seconds
[2025-01-15T17:12:44.305+0000] {processor.py:157} INFO - Started process (PID=1114) to work on /opt/airflow/dags/wikitext_dag.py
[2025-01-15T17:12:44.309+0000] {processor.py:829} INFO - Processing file /opt/airflow/dags/wikitext_dag.py for tasks to queue
[2025-01-15T17:12:44.311+0000] {logging_mixin.py:151} INFO - [2025-01-15T17:12:44.310+0000] {dagbag.py:539} INFO - Filling up the DagBag from /opt/airflow/dags/wikitext_dag.py
[2025-01-15T17:12:44.375+0000] {processor.py:839} INFO - DAG(s) dict_keys(['data_lake_pipeline']) retrieved from /opt/airflow/dags/wikitext_dag.py
[2025-01-15T17:12:44.522+0000] {logging_mixin.py:151} INFO - [2025-01-15T17:12:44.522+0000] {dag.py:2915} INFO - Sync 1 DAGs
[2025-01-15T17:12:44.588+0000] {logging_mixin.py:151} INFO - [2025-01-15T17:12:44.588+0000] {dag.py:3696} INFO - Setting next_dagrun for data_lake_pipeline to 2025-01-15T00:00:00+00:00, run_after=2025-01-16T00:00:00+00:00
[2025-01-15T17:12:44.643+0000] {processor.py:179} INFO - Processing /opt/airflow/dags/wikitext_dag.py took 0.347 seconds
[2025-01-15T17:13:02.994+0000] {processor.py:157} INFO - Started process (PID=1430) to work on /opt/airflow/dags/wikitext_dag.py
[2025-01-15T17:13:02.996+0000] {processor.py:829} INFO - Processing file /opt/airflow/dags/wikitext_dag.py for tasks to queue
[2025-01-15T17:13:02.998+0000] {logging_mixin.py:151} INFO - [2025-01-15T17:13:02.997+0000] {dagbag.py:539} INFO - Filling up the DagBag from /opt/airflow/dags/wikitext_dag.py
[2025-01-15T17:13:03.025+0000] {processor.py:839} INFO - DAG(s) dict_keys(['data_lake_pipeline']) retrieved from /opt/airflow/dags/wikitext_dag.py
[2025-01-15T17:13:03.203+0000] {logging_mixin.py:151} INFO - [2025-01-15T17:13:03.202+0000] {security.py:708} INFO - Not syncing DAG-level permissions for DAG 'DAG:data_lake_pipeline' as access control is unset.
[2025-01-15T17:13:03.204+0000] {logging_mixin.py:151} INFO - [2025-01-15T17:13:03.204+0000] {dag.py:2915} INFO - Sync 1 DAGs
[2025-01-15T17:13:03.234+0000] {logging_mixin.py:151} INFO - [2025-01-15T17:13:03.234+0000] {dag.py:3696} INFO - Setting next_dagrun for data_lake_pipeline to 2025-01-15T00:00:00+00:00, run_after=2025-01-16T00:00:00+00:00
[2025-01-15T17:13:03.256+0000] {processor.py:179} INFO - Processing /opt/airflow/dags/wikitext_dag.py took 0.268 seconds
[2025-01-15T17:13:33.391+0000] {processor.py:157} INFO - Started process (PID=1468) to work on /opt/airflow/dags/wikitext_dag.py
[2025-01-15T17:13:33.394+0000] {processor.py:829} INFO - Processing file /opt/airflow/dags/wikitext_dag.py for tasks to queue
[2025-01-15T17:13:33.396+0000] {logging_mixin.py:151} INFO - [2025-01-15T17:13:33.395+0000] {dagbag.py:539} INFO - Filling up the DagBag from /opt/airflow/dags/wikitext_dag.py
[2025-01-15T17:13:33.418+0000] {processor.py:839} INFO - DAG(s) dict_keys(['data_lake_pipeline']) retrieved from /opt/airflow/dags/wikitext_dag.py
[2025-01-15T17:13:33.457+0000] {logging_mixin.py:151} INFO - [2025-01-15T17:13:33.457+0000] {dag.py:2915} INFO - Sync 1 DAGs
[2025-01-15T17:13:33.478+0000] {logging_mixin.py:151} INFO - [2025-01-15T17:13:33.478+0000] {dag.py:3696} INFO - Setting next_dagrun for data_lake_pipeline to 2025-01-15T00:00:00+00:00, run_after=2025-01-16T00:00:00+00:00
[2025-01-15T17:13:33.491+0000] {processor.py:179} INFO - Processing /opt/airflow/dags/wikitext_dag.py took 0.109 seconds
[2025-01-15T17:13:43.595+0000] {processor.py:157} INFO - Started process (PID=1473) to work on /opt/airflow/dags/wikitext_dag.py
[2025-01-15T17:13:43.597+0000] {processor.py:829} INFO - Processing file /opt/airflow/dags/wikitext_dag.py for tasks to queue
[2025-01-15T17:13:43.599+0000] {logging_mixin.py:151} INFO - [2025-01-15T17:13:43.598+0000] {dagbag.py:539} INFO - Filling up the DagBag from /opt/airflow/dags/wikitext_dag.py
[2025-01-15T17:13:43.624+0000] {processor.py:839} INFO - DAG(s) dict_keys(['data_lake_pipeline']) retrieved from /opt/airflow/dags/wikitext_dag.py
[2025-01-15T17:13:43.664+0000] {logging_mixin.py:151} INFO - [2025-01-15T17:13:43.664+0000] {dag.py:2915} INFO - Sync 1 DAGs
[2025-01-15T17:13:43.692+0000] {logging_mixin.py:151} INFO - [2025-01-15T17:13:43.692+0000] {dag.py:3696} INFO - Setting next_dagrun for data_lake_pipeline to 2025-01-15T00:00:00+00:00, run_after=2025-01-16T00:00:00+00:00
[2025-01-15T17:13:43.704+0000] {processor.py:179} INFO - Processing /opt/airflow/dags/wikitext_dag.py took 0.115 seconds
[2025-01-15T17:13:44.612+0000] {processor.py:157} INFO - Started process (PID=1478) to work on /opt/airflow/dags/wikitext_dag.py
[2025-01-15T17:13:44.612+0000] {processor.py:829} INFO - Processing file /opt/airflow/dags/wikitext_dag.py for tasks to queue
[2025-01-15T17:13:44.613+0000] {logging_mixin.py:151} INFO - [2025-01-15T17:13:44.613+0000] {dagbag.py:539} INFO - Filling up the DagBag from /opt/airflow/dags/wikitext_dag.py
[2025-01-15T17:13:44.623+0000] {processor.py:839} INFO - DAG(s) dict_keys(['data_lake_pipeline']) retrieved from /opt/airflow/dags/wikitext_dag.py
[2025-01-15T17:13:44.644+0000] {logging_mixin.py:151} INFO - [2025-01-15T17:13:44.644+0000] {dag.py:2915} INFO - Sync 1 DAGs
[2025-01-15T17:13:44.659+0000] {logging_mixin.py:151} INFO - [2025-01-15T17:13:44.658+0000] {dag.py:3696} INFO - Setting next_dagrun for data_lake_pipeline to 2025-01-15T00:00:00+00:00, run_after=2025-01-16T00:00:00+00:00
[2025-01-15T17:13:44.669+0000] {processor.py:179} INFO - Processing /opt/airflow/dags/wikitext_dag.py took 0.061 seconds
[2025-01-15T17:14:15.147+0000] {processor.py:157} INFO - Started process (PID=1552) to work on /opt/airflow/dags/wikitext_dag.py
[2025-01-15T17:14:15.149+0000] {processor.py:829} INFO - Processing file /opt/airflow/dags/wikitext_dag.py for tasks to queue
[2025-01-15T17:14:15.150+0000] {logging_mixin.py:151} INFO - [2025-01-15T17:14:15.149+0000] {dagbag.py:539} INFO - Filling up the DagBag from /opt/airflow/dags/wikitext_dag.py
[2025-01-15T17:14:15.171+0000] {processor.py:839} INFO - DAG(s) dict_keys(['data_lake_pipeline']) retrieved from /opt/airflow/dags/wikitext_dag.py
[2025-01-15T17:14:15.206+0000] {logging_mixin.py:151} INFO - [2025-01-15T17:14:15.206+0000] {dag.py:2915} INFO - Sync 1 DAGs
[2025-01-15T17:14:15.229+0000] {logging_mixin.py:151} INFO - [2025-01-15T17:14:15.229+0000] {dag.py:3696} INFO - Setting next_dagrun for data_lake_pipeline to 2025-01-15T00:00:00+00:00, run_after=2025-01-16T00:00:00+00:00
[2025-01-15T17:14:15.240+0000] {processor.py:179} INFO - Processing /opt/airflow/dags/wikitext_dag.py took 0.103 seconds
[2025-01-15T17:14:45.483+0000] {processor.py:157} INFO - Started process (PID=1562) to work on /opt/airflow/dags/wikitext_dag.py
[2025-01-15T17:14:45.485+0000] {processor.py:829} INFO - Processing file /opt/airflow/dags/wikitext_dag.py for tasks to queue
[2025-01-15T17:14:45.486+0000] {logging_mixin.py:151} INFO - [2025-01-15T17:14:45.485+0000] {dagbag.py:539} INFO - Filling up the DagBag from /opt/airflow/dags/wikitext_dag.py
[2025-01-15T17:14:45.507+0000] {processor.py:839} INFO - DAG(s) dict_keys(['data_lake_pipeline']) retrieved from /opt/airflow/dags/wikitext_dag.py
[2025-01-15T17:14:45.545+0000] {logging_mixin.py:151} INFO - [2025-01-15T17:14:45.545+0000] {dag.py:2915} INFO - Sync 1 DAGs
[2025-01-15T17:14:45.563+0000] {logging_mixin.py:151} INFO - [2025-01-15T17:14:45.563+0000] {dag.py:3696} INFO - Setting next_dagrun for data_lake_pipeline to 2025-01-15T00:00:00+00:00, run_after=2025-01-16T00:00:00+00:00
[2025-01-15T17:14:45.574+0000] {processor.py:179} INFO - Processing /opt/airflow/dags/wikitext_dag.py took 0.096 seconds
[2025-01-15T17:15:15.880+0000] {processor.py:157} INFO - Started process (PID=1572) to work on /opt/airflow/dags/wikitext_dag.py
[2025-01-15T17:15:15.882+0000] {processor.py:829} INFO - Processing file /opt/airflow/dags/wikitext_dag.py for tasks to queue
[2025-01-15T17:15:15.884+0000] {logging_mixin.py:151} INFO - [2025-01-15T17:15:15.883+0000] {dagbag.py:539} INFO - Filling up the DagBag from /opt/airflow/dags/wikitext_dag.py
[2025-01-15T17:15:15.913+0000] {processor.py:839} INFO - DAG(s) dict_keys(['data_lake_pipeline']) retrieved from /opt/airflow/dags/wikitext_dag.py
[2025-01-15T17:15:16.014+0000] {logging_mixin.py:151} INFO - [2025-01-15T17:15:16.013+0000] {security.py:708} INFO - Not syncing DAG-level permissions for DAG 'DAG:data_lake_pipeline' as access control is unset.
[2025-01-15T17:15:16.014+0000] {logging_mixin.py:151} INFO - [2025-01-15T17:15:16.014+0000] {dag.py:2915} INFO - Sync 1 DAGs
[2025-01-15T17:15:16.021+0000] {logging_mixin.py:151} INFO - [2025-01-15T17:15:16.021+0000] {dag.py:2937} INFO - Creating ORM DAG for data_lake_pipeline
[2025-01-15T17:15:16.027+0000] {logging_mixin.py:151} INFO - [2025-01-15T17:15:16.027+0000] {dag.py:3696} INFO - Setting next_dagrun for data_lake_pipeline to 2025-01-01T00:00:00+00:00, run_after=2025-01-02T00:00:00+00:00
[2025-01-15T17:15:16.044+0000] {processor.py:179} INFO - Processing /opt/airflow/dags/wikitext_dag.py took 0.169 seconds
[2025-01-15T17:15:46.925+0000] {processor.py:157} INFO - Started process (PID=2036) to work on /opt/airflow/dags/wikitext_dag.py
[2025-01-15T17:15:46.929+0000] {processor.py:829} INFO - Processing file /opt/airflow/dags/wikitext_dag.py for tasks to queue
[2025-01-15T17:15:46.941+0000] {logging_mixin.py:151} INFO - [2025-01-15T17:15:46.937+0000] {dagbag.py:539} INFO - Filling up the DagBag from /opt/airflow/dags/wikitext_dag.py
[2025-01-15T17:15:47.188+0000] {processor.py:839} INFO - DAG(s) dict_keys(['data_lake_pipeline']) retrieved from /opt/airflow/dags/wikitext_dag.py
[2025-01-15T17:15:47.604+0000] {logging_mixin.py:151} INFO - [2025-01-15T17:15:47.594+0000] {dag.py:2915} INFO - Sync 1 DAGs
[2025-01-15T17:15:47.820+0000] {logging_mixin.py:151} INFO - [2025-01-15T17:15:47.816+0000] {dag.py:3696} INFO - Setting next_dagrun for data_lake_pipeline to 2025-01-15T00:00:00+00:00, run_after=2025-01-16T00:00:00+00:00
[2025-01-15T17:15:47.928+0000] {processor.py:179} INFO - Processing /opt/airflow/dags/wikitext_dag.py took 1.043 seconds
[2025-01-15T17:16:18.791+0000] {processor.py:157} INFO - Started process (PID=2154) to work on /opt/airflow/dags/wikitext_dag.py
[2025-01-15T17:16:18.793+0000] {processor.py:829} INFO - Processing file /opt/airflow/dags/wikitext_dag.py for tasks to queue
[2025-01-15T17:16:18.794+0000] {logging_mixin.py:151} INFO - [2025-01-15T17:16:18.794+0000] {dagbag.py:539} INFO - Filling up the DagBag from /opt/airflow/dags/wikitext_dag.py
[2025-01-15T17:16:18.820+0000] {processor.py:839} INFO - DAG(s) dict_keys(['data_lake_pipeline']) retrieved from /opt/airflow/dags/wikitext_dag.py
[2025-01-15T17:16:18.854+0000] {logging_mixin.py:151} INFO - [2025-01-15T17:16:18.854+0000] {dag.py:2915} INFO - Sync 1 DAGs
[2025-01-15T17:16:18.878+0000] {logging_mixin.py:151} INFO - [2025-01-15T17:16:18.877+0000] {dag.py:3696} INFO - Setting next_dagrun for data_lake_pipeline to 2025-01-15T00:00:00+00:00, run_after=2025-01-16T00:00:00+00:00
[2025-01-15T17:16:18.889+0000] {processor.py:179} INFO - Processing /opt/airflow/dags/wikitext_dag.py took 0.103 seconds
[2025-01-15T17:16:49.168+0000] {processor.py:157} INFO - Started process (PID=2164) to work on /opt/airflow/dags/wikitext_dag.py
[2025-01-15T17:16:49.171+0000] {processor.py:829} INFO - Processing file /opt/airflow/dags/wikitext_dag.py for tasks to queue
[2025-01-15T17:16:49.174+0000] {logging_mixin.py:151} INFO - [2025-01-15T17:16:49.173+0000] {dagbag.py:539} INFO - Filling up the DagBag from /opt/airflow/dags/wikitext_dag.py
[2025-01-15T17:16:49.205+0000] {processor.py:839} INFO - DAG(s) dict_keys(['data_lake_pipeline']) retrieved from /opt/airflow/dags/wikitext_dag.py
[2025-01-15T17:16:49.253+0000] {logging_mixin.py:151} INFO - [2025-01-15T17:16:49.253+0000] {dag.py:2915} INFO - Sync 1 DAGs
[2025-01-15T17:16:49.287+0000] {logging_mixin.py:151} INFO - [2025-01-15T17:16:49.286+0000] {dag.py:3696} INFO - Setting next_dagrun for data_lake_pipeline to 2025-01-15T00:00:00+00:00, run_after=2025-01-16T00:00:00+00:00
[2025-01-15T17:16:49.303+0000] {processor.py:179} INFO - Processing /opt/airflow/dags/wikitext_dag.py took 0.142 seconds
[2025-01-15T17:17:19.572+0000] {processor.py:157} INFO - Started process (PID=2174) to work on /opt/airflow/dags/wikitext_dag.py
[2025-01-15T17:17:19.574+0000] {processor.py:829} INFO - Processing file /opt/airflow/dags/wikitext_dag.py for tasks to queue
[2025-01-15T17:17:19.575+0000] {logging_mixin.py:151} INFO - [2025-01-15T17:17:19.575+0000] {dagbag.py:539} INFO - Filling up the DagBag from /opt/airflow/dags/wikitext_dag.py
[2025-01-15T17:17:19.596+0000] {processor.py:839} INFO - DAG(s) dict_keys(['data_lake_pipeline']) retrieved from /opt/airflow/dags/wikitext_dag.py
[2025-01-15T17:17:19.633+0000] {logging_mixin.py:151} INFO - [2025-01-15T17:17:19.633+0000] {dag.py:2915} INFO - Sync 1 DAGs
[2025-01-15T17:17:19.654+0000] {logging_mixin.py:151} INFO - [2025-01-15T17:17:19.653+0000] {dag.py:3696} INFO - Setting next_dagrun for data_lake_pipeline to 2025-01-15T00:00:00+00:00, run_after=2025-01-16T00:00:00+00:00
[2025-01-15T17:17:19.663+0000] {processor.py:179} INFO - Processing /opt/airflow/dags/wikitext_dag.py took 0.095 seconds
[2025-01-15T17:17:49.907+0000] {processor.py:157} INFO - Started process (PID=2184) to work on /opt/airflow/dags/wikitext_dag.py
[2025-01-15T17:17:49.908+0000] {processor.py:829} INFO - Processing file /opt/airflow/dags/wikitext_dag.py for tasks to queue
[2025-01-15T17:17:49.912+0000] {logging_mixin.py:151} INFO - [2025-01-15T17:17:49.910+0000] {dagbag.py:539} INFO - Filling up the DagBag from /opt/airflow/dags/wikitext_dag.py
[2025-01-15T17:17:49.941+0000] {processor.py:839} INFO - DAG(s) dict_keys(['data_lake_pipeline']) retrieved from /opt/airflow/dags/wikitext_dag.py
[2025-01-15T17:17:49.974+0000] {logging_mixin.py:151} INFO - [2025-01-15T17:17:49.973+0000] {dag.py:2915} INFO - Sync 1 DAGs
[2025-01-15T17:17:49.992+0000] {logging_mixin.py:151} INFO - [2025-01-15T17:17:49.992+0000] {dag.py:3696} INFO - Setting next_dagrun for data_lake_pipeline to 2025-01-15T00:00:00+00:00, run_after=2025-01-16T00:00:00+00:00
[2025-01-15T17:17:50.001+0000] {processor.py:179} INFO - Processing /opt/airflow/dags/wikitext_dag.py took 0.099 seconds
[2025-01-15T17:18:20.270+0000] {processor.py:157} INFO - Started process (PID=2194) to work on /opt/airflow/dags/wikitext_dag.py
[2025-01-15T17:18:20.274+0000] {processor.py:829} INFO - Processing file /opt/airflow/dags/wikitext_dag.py for tasks to queue
[2025-01-15T17:18:20.276+0000] {logging_mixin.py:151} INFO - [2025-01-15T17:18:20.275+0000] {dagbag.py:539} INFO - Filling up the DagBag from /opt/airflow/dags/wikitext_dag.py
[2025-01-15T17:18:20.299+0000] {processor.py:839} INFO - DAG(s) dict_keys(['data_lake_pipeline']) retrieved from /opt/airflow/dags/wikitext_dag.py
[2025-01-15T17:18:20.332+0000] {logging_mixin.py:151} INFO - [2025-01-15T17:18:20.332+0000] {dag.py:2915} INFO - Sync 1 DAGs
[2025-01-15T17:18:20.352+0000] {logging_mixin.py:151} INFO - [2025-01-15T17:18:20.352+0000] {dag.py:3696} INFO - Setting next_dagrun for data_lake_pipeline to 2025-01-15T00:00:00+00:00, run_after=2025-01-16T00:00:00+00:00
[2025-01-15T17:18:20.365+0000] {processor.py:179} INFO - Processing /opt/airflow/dags/wikitext_dag.py took 0.102 seconds
[2025-01-15T17:18:50.661+0000] {processor.py:157} INFO - Started process (PID=2204) to work on /opt/airflow/dags/wikitext_dag.py
[2025-01-15T17:18:50.664+0000] {processor.py:829} INFO - Processing file /opt/airflow/dags/wikitext_dag.py for tasks to queue
[2025-01-15T17:18:50.665+0000] {logging_mixin.py:151} INFO - [2025-01-15T17:18:50.664+0000] {dagbag.py:539} INFO - Filling up the DagBag from /opt/airflow/dags/wikitext_dag.py
[2025-01-15T17:18:50.684+0000] {processor.py:839} INFO - DAG(s) dict_keys(['data_lake_pipeline']) retrieved from /opt/airflow/dags/wikitext_dag.py
[2025-01-15T17:18:50.722+0000] {logging_mixin.py:151} INFO - [2025-01-15T17:18:50.722+0000] {dag.py:2915} INFO - Sync 1 DAGs
[2025-01-15T17:18:50.745+0000] {logging_mixin.py:151} INFO - [2025-01-15T17:18:50.745+0000] {dag.py:3696} INFO - Setting next_dagrun for data_lake_pipeline to 2025-01-15T00:00:00+00:00, run_after=2025-01-16T00:00:00+00:00
[2025-01-15T17:18:50.754+0000] {processor.py:179} INFO - Processing /opt/airflow/dags/wikitext_dag.py took 0.098 seconds
[2025-01-15T17:19:21.046+0000] {processor.py:157} INFO - Started process (PID=2214) to work on /opt/airflow/dags/wikitext_dag.py
[2025-01-15T17:19:21.049+0000] {processor.py:829} INFO - Processing file /opt/airflow/dags/wikitext_dag.py for tasks to queue
[2025-01-15T17:19:21.050+0000] {logging_mixin.py:151} INFO - [2025-01-15T17:19:21.049+0000] {dagbag.py:539} INFO - Filling up the DagBag from /opt/airflow/dags/wikitext_dag.py
[2025-01-15T17:19:21.072+0000] {processor.py:839} INFO - DAG(s) dict_keys(['data_lake_pipeline']) retrieved from /opt/airflow/dags/wikitext_dag.py
[2025-01-15T17:19:21.107+0000] {logging_mixin.py:151} INFO - [2025-01-15T17:19:21.107+0000] {dag.py:2915} INFO - Sync 1 DAGs
[2025-01-15T17:19:21.129+0000] {logging_mixin.py:151} INFO - [2025-01-15T17:19:21.129+0000] {dag.py:3696} INFO - Setting next_dagrun for data_lake_pipeline to 2025-01-15T00:00:00+00:00, run_after=2025-01-16T00:00:00+00:00
[2025-01-15T17:19:21.140+0000] {processor.py:179} INFO - Processing /opt/airflow/dags/wikitext_dag.py took 0.100 seconds
[2025-01-15T17:19:51.432+0000] {processor.py:157} INFO - Started process (PID=2224) to work on /opt/airflow/dags/wikitext_dag.py
[2025-01-15T17:19:51.434+0000] {processor.py:829} INFO - Processing file /opt/airflow/dags/wikitext_dag.py for tasks to queue
[2025-01-15T17:19:51.435+0000] {logging_mixin.py:151} INFO - [2025-01-15T17:19:51.435+0000] {dagbag.py:539} INFO - Filling up the DagBag from /opt/airflow/dags/wikitext_dag.py
[2025-01-15T17:19:51.455+0000] {processor.py:839} INFO - DAG(s) dict_keys(['data_lake_pipeline']) retrieved from /opt/airflow/dags/wikitext_dag.py
[2025-01-15T17:19:51.483+0000] {logging_mixin.py:151} INFO - [2025-01-15T17:19:51.483+0000] {dag.py:2915} INFO - Sync 1 DAGs
[2025-01-15T17:19:51.501+0000] {logging_mixin.py:151} INFO - [2025-01-15T17:19:51.501+0000] {dag.py:3696} INFO - Setting next_dagrun for data_lake_pipeline to 2025-01-15T00:00:00+00:00, run_after=2025-01-16T00:00:00+00:00
[2025-01-15T17:19:51.512+0000] {processor.py:179} INFO - Processing /opt/airflow/dags/wikitext_dag.py took 0.086 seconds
[2025-01-15T17:20:21.821+0000] {processor.py:157} INFO - Started process (PID=2234) to work on /opt/airflow/dags/wikitext_dag.py
[2025-01-15T17:20:21.824+0000] {processor.py:829} INFO - Processing file /opt/airflow/dags/wikitext_dag.py for tasks to queue
[2025-01-15T17:20:21.825+0000] {logging_mixin.py:151} INFO - [2025-01-15T17:20:21.824+0000] {dagbag.py:539} INFO - Filling up the DagBag from /opt/airflow/dags/wikitext_dag.py
[2025-01-15T17:20:21.847+0000] {processor.py:839} INFO - DAG(s) dict_keys(['data_lake_pipeline']) retrieved from /opt/airflow/dags/wikitext_dag.py
[2025-01-15T17:20:21.888+0000] {logging_mixin.py:151} INFO - [2025-01-15T17:20:21.888+0000] {dag.py:2915} INFO - Sync 1 DAGs
[2025-01-15T17:20:21.905+0000] {logging_mixin.py:151} INFO - [2025-01-15T17:20:21.905+0000] {dag.py:3696} INFO - Setting next_dagrun for data_lake_pipeline to 2025-01-15T00:00:00+00:00, run_after=2025-01-16T00:00:00+00:00
[2025-01-15T17:20:21.918+0000] {processor.py:179} INFO - Processing /opt/airflow/dags/wikitext_dag.py took 0.108 seconds
[2025-01-15T17:20:23.971+0000] {processor.py:157} INFO - Started process (PID=2244) to work on /opt/airflow/dags/wikitext_dag.py
[2025-01-15T17:20:23.972+0000] {processor.py:829} INFO - Processing file /opt/airflow/dags/wikitext_dag.py for tasks to queue
[2025-01-15T17:20:23.973+0000] {logging_mixin.py:151} INFO - [2025-01-15T17:20:23.972+0000] {dagbag.py:539} INFO - Filling up the DagBag from /opt/airflow/dags/wikitext_dag.py
[2025-01-15T17:20:23.984+0000] {processor.py:839} INFO - DAG(s) dict_keys(['data_lake_pipeline']) retrieved from /opt/airflow/dags/wikitext_dag.py
[2025-01-15T17:20:24.075+0000] {logging_mixin.py:151} INFO - [2025-01-15T17:20:24.075+0000] {security.py:708} INFO - Not syncing DAG-level permissions for DAG 'DAG:data_lake_pipeline' as access control is unset.
[2025-01-15T17:20:24.075+0000] {logging_mixin.py:151} INFO - [2025-01-15T17:20:24.075+0000] {dag.py:2915} INFO - Sync 1 DAGs
[2025-01-15T17:20:24.086+0000] {logging_mixin.py:151} INFO - [2025-01-15T17:20:24.086+0000] {dag.py:3696} INFO - Setting next_dagrun for data_lake_pipeline to 2025-01-15T00:00:00+00:00, run_after=2025-01-16T00:00:00+00:00
[2025-01-15T17:20:24.095+0000] {processor.py:179} INFO - Processing /opt/airflow/dags/wikitext_dag.py took 0.131 seconds
[2025-01-15T17:20:24.997+0000] {processor.py:157} INFO - Started process (PID=2249) to work on /opt/airflow/dags/wikitext_dag.py
[2025-01-15T17:20:24.999+0000] {processor.py:829} INFO - Processing file /opt/airflow/dags/wikitext_dag.py for tasks to queue
[2025-01-15T17:20:24.999+0000] {logging_mixin.py:151} INFO - [2025-01-15T17:20:24.999+0000] {dagbag.py:539} INFO - Filling up the DagBag from /opt/airflow/dags/wikitext_dag.py
[2025-01-15T17:20:25.011+0000] {processor.py:839} INFO - DAG(s) dict_keys(['data_lake_pipeline']) retrieved from /opt/airflow/dags/wikitext_dag.py
[2025-01-15T17:20:25.024+0000] {logging_mixin.py:151} INFO - [2025-01-15T17:20:25.024+0000] {dag.py:2915} INFO - Sync 1 DAGs
[2025-01-15T17:20:25.041+0000] {logging_mixin.py:151} INFO - [2025-01-15T17:20:25.041+0000] {dag.py:3696} INFO - Setting next_dagrun for data_lake_pipeline to 2025-01-15T00:00:00+00:00, run_after=2025-01-16T00:00:00+00:00
[2025-01-15T17:20:25.050+0000] {processor.py:179} INFO - Processing /opt/airflow/dags/wikitext_dag.py took 0.061 seconds
[2025-01-15T17:20:55.468+0000] {processor.py:157} INFO - Started process (PID=2259) to work on /opt/airflow/dags/wikitext_dag.py
[2025-01-15T17:20:55.469+0000] {processor.py:829} INFO - Processing file /opt/airflow/dags/wikitext_dag.py for tasks to queue
[2025-01-15T17:20:55.469+0000] {logging_mixin.py:151} INFO - [2025-01-15T17:20:55.469+0000] {dagbag.py:539} INFO - Filling up the DagBag from /opt/airflow/dags/wikitext_dag.py
[2025-01-15T17:20:55.477+0000] {processor.py:839} INFO - DAG(s) dict_keys(['data_lake_pipeline']) retrieved from /opt/airflow/dags/wikitext_dag.py
[2025-01-15T17:20:55.548+0000] {logging_mixin.py:151} INFO - [2025-01-15T17:20:55.548+0000] {security.py:708} INFO - Not syncing DAG-level permissions for DAG 'DAG:data_lake_pipeline' as access control is unset.
[2025-01-15T17:20:55.548+0000] {logging_mixin.py:151} INFO - [2025-01-15T17:20:55.548+0000] {dag.py:2915} INFO - Sync 1 DAGs
[2025-01-15T17:20:55.558+0000] {logging_mixin.py:151} INFO - [2025-01-15T17:20:55.557+0000] {dag.py:2937} INFO - Creating ORM DAG for data_lake_pipeline
[2025-01-15T17:20:55.564+0000] {logging_mixin.py:151} INFO - [2025-01-15T17:20:55.564+0000] {dag.py:3696} INFO - Setting next_dagrun for data_lake_pipeline to 2025-01-01T00:00:00+00:00, run_after=2025-01-02T00:00:00+00:00
[2025-01-15T17:20:55.573+0000] {processor.py:179} INFO - Processing /opt/airflow/dags/wikitext_dag.py took 0.111 seconds
[2025-01-15T17:21:26.340+0000] {processor.py:157} INFO - Started process (PID=2389) to work on /opt/airflow/dags/wikitext_dag.py
[2025-01-15T17:21:26.346+0000] {processor.py:829} INFO - Processing file /opt/airflow/dags/wikitext_dag.py for tasks to queue
[2025-01-15T17:21:26.358+0000] {logging_mixin.py:151} INFO - [2025-01-15T17:21:26.353+0000] {dagbag.py:539} INFO - Filling up the DagBag from /opt/airflow/dags/wikitext_dag.py
[2025-01-15T17:21:26.525+0000] {processor.py:839} INFO - DAG(s) dict_keys(['data_lake_pipeline']) retrieved from /opt/airflow/dags/wikitext_dag.py
[2025-01-15T17:21:26.593+0000] {logging_mixin.py:151} INFO - [2025-01-15T17:21:26.593+0000] {dag.py:2915} INFO - Sync 1 DAGs
[2025-01-15T17:21:26.655+0000] {logging_mixin.py:151} INFO - [2025-01-15T17:21:26.655+0000] {dag.py:3696} INFO - Setting next_dagrun for data_lake_pipeline to 2025-01-15T00:00:00+00:00, run_after=2025-01-16T00:00:00+00:00
[2025-01-15T17:21:26.777+0000] {processor.py:179} INFO - Processing /opt/airflow/dags/wikitext_dag.py took 0.458 seconds
[2025-01-15T17:21:58.183+0000] {processor.py:157} INFO - Started process (PID=2751) to work on /opt/airflow/dags/wikitext_dag.py
[2025-01-15T17:21:58.233+0000] {processor.py:829} INFO - Processing file /opt/airflow/dags/wikitext_dag.py for tasks to queue
[2025-01-15T17:21:58.347+0000] {logging_mixin.py:151} INFO - [2025-01-15T17:21:58.256+0000] {dagbag.py:539} INFO - Filling up the DagBag from /opt/airflow/dags/wikitext_dag.py
[2025-01-15T17:21:58.989+0000] {processor.py:839} INFO - DAG(s) dict_keys(['data_lake_pipeline']) retrieved from /opt/airflow/dags/wikitext_dag.py
[2025-01-15T17:21:59.574+0000] {logging_mixin.py:151} INFO - [2025-01-15T17:21:59.570+0000] {dag.py:2915} INFO - Sync 1 DAGs
[2025-01-15T17:22:00.479+0000] {logging_mixin.py:151} INFO - [2025-01-15T17:22:00.462+0000] {dag.py:3696} INFO - Setting next_dagrun for data_lake_pipeline to 2025-01-15T00:00:00+00:00, run_after=2025-01-16T00:00:00+00:00
[2025-01-15T17:22:01.241+0000] {processor.py:179} INFO - Processing /opt/airflow/dags/wikitext_dag.py took 2.812 seconds
[2025-01-15T17:22:31.765+0000] {processor.py:157} INFO - Started process (PID=2788) to work on /opt/airflow/dags/wikitext_dag.py
[2025-01-15T17:22:31.767+0000] {processor.py:829} INFO - Processing file /opt/airflow/dags/wikitext_dag.py for tasks to queue
[2025-01-15T17:22:31.769+0000] {logging_mixin.py:151} INFO - [2025-01-15T17:22:31.769+0000] {dagbag.py:539} INFO - Filling up the DagBag from /opt/airflow/dags/wikitext_dag.py
[2025-01-15T17:22:31.796+0000] {processor.py:839} INFO - DAG(s) dict_keys(['data_lake_pipeline']) retrieved from /opt/airflow/dags/wikitext_dag.py
[2025-01-15T17:22:31.842+0000] {logging_mixin.py:151} INFO - [2025-01-15T17:22:31.842+0000] {dag.py:2915} INFO - Sync 1 DAGs
[2025-01-15T17:22:31.889+0000] {logging_mixin.py:151} INFO - [2025-01-15T17:22:31.889+0000] {dag.py:3696} INFO - Setting next_dagrun for data_lake_pipeline to 2025-01-15T00:00:00+00:00, run_after=2025-01-16T00:00:00+00:00
[2025-01-15T17:22:31.897+0000] {processor.py:179} INFO - Processing /opt/airflow/dags/wikitext_dag.py took 0.138 seconds
[2025-01-15T17:23:02.209+0000] {processor.py:157} INFO - Started process (PID=2860) to work on /opt/airflow/dags/wikitext_dag.py
[2025-01-15T17:23:02.214+0000] {processor.py:829} INFO - Processing file /opt/airflow/dags/wikitext_dag.py for tasks to queue
[2025-01-15T17:23:02.215+0000] {logging_mixin.py:151} INFO - [2025-01-15T17:23:02.215+0000] {dagbag.py:539} INFO - Filling up the DagBag from /opt/airflow/dags/wikitext_dag.py
[2025-01-15T17:23:02.239+0000] {processor.py:839} INFO - DAG(s) dict_keys(['data_lake_pipeline']) retrieved from /opt/airflow/dags/wikitext_dag.py
[2025-01-15T17:23:02.280+0000] {logging_mixin.py:151} INFO - [2025-01-15T17:23:02.280+0000] {dag.py:2915} INFO - Sync 1 DAGs
[2025-01-15T17:23:02.297+0000] {logging_mixin.py:151} INFO - [2025-01-15T17:23:02.297+0000] {dag.py:3696} INFO - Setting next_dagrun for data_lake_pipeline to 2025-01-15T00:00:00+00:00, run_after=2025-01-16T00:00:00+00:00
[2025-01-15T17:23:02.309+0000] {processor.py:179} INFO - Processing /opt/airflow/dags/wikitext_dag.py took 0.106 seconds
[2025-01-15T17:23:32.639+0000] {processor.py:157} INFO - Started process (PID=2870) to work on /opt/airflow/dags/wikitext_dag.py
[2025-01-15T17:23:32.642+0000] {processor.py:829} INFO - Processing file /opt/airflow/dags/wikitext_dag.py for tasks to queue
[2025-01-15T17:23:32.644+0000] {logging_mixin.py:151} INFO - [2025-01-15T17:23:32.643+0000] {dagbag.py:539} INFO - Filling up the DagBag from /opt/airflow/dags/wikitext_dag.py
[2025-01-15T17:23:32.670+0000] {processor.py:839} INFO - DAG(s) dict_keys(['data_lake_pipeline']) retrieved from /opt/airflow/dags/wikitext_dag.py
[2025-01-15T17:23:32.936+0000] {logging_mixin.py:151} INFO - [2025-01-15T17:23:32.936+0000] {security.py:708} INFO - Not syncing DAG-level permissions for DAG 'DAG:data_lake_pipeline' as access control is unset.
[2025-01-15T17:23:32.936+0000] {logging_mixin.py:151} INFO - [2025-01-15T17:23:32.936+0000] {dag.py:2915} INFO - Sync 1 DAGs
[2025-01-15T17:23:32.942+0000] {logging_mixin.py:151} INFO - [2025-01-15T17:23:32.942+0000] {dag.py:2937} INFO - Creating ORM DAG for data_lake_pipeline
[2025-01-15T17:23:32.947+0000] {logging_mixin.py:151} INFO - [2025-01-15T17:23:32.947+0000] {dag.py:3696} INFO - Setting next_dagrun for data_lake_pipeline to 2025-01-01T00:00:00+00:00, run_after=2025-01-02T00:00:00+00:00
[2025-01-15T17:23:32.954+0000] {processor.py:179} INFO - Processing /opt/airflow/dags/wikitext_dag.py took 0.322 seconds
[2025-01-15T17:24:03.673+0000] {processor.py:157} INFO - Started process (PID=3060) to work on /opt/airflow/dags/wikitext_dag.py
[2025-01-15T17:24:03.707+0000] {processor.py:829} INFO - Processing file /opt/airflow/dags/wikitext_dag.py for tasks to queue
[2025-01-15T17:24:03.715+0000] {logging_mixin.py:151} INFO - [2025-01-15T17:24:03.714+0000] {dagbag.py:539} INFO - Filling up the DagBag from /opt/airflow/dags/wikitext_dag.py
[2025-01-15T17:24:04.146+0000] {processor.py:839} INFO - DAG(s) dict_keys(['data_lake_pipeline']) retrieved from /opt/airflow/dags/wikitext_dag.py
[2025-01-15T17:24:04.378+0000] {logging_mixin.py:151} INFO - [2025-01-15T17:24:04.365+0000] {dag.py:2915} INFO - Sync 1 DAGs
[2025-01-15T17:24:04.853+0000] {logging_mixin.py:151} INFO - [2025-01-15T17:24:04.850+0000] {dag.py:3696} INFO - Setting next_dagrun for data_lake_pipeline to 2025-01-15T00:00:00+00:00, run_after=2025-01-16T00:00:00+00:00
[2025-01-15T17:24:04.964+0000] {processor.py:179} INFO - Processing /opt/airflow/dags/wikitext_dag.py took 1.448 seconds
[2025-01-15T17:24:36.033+0000] {processor.py:157} INFO - Started process (PID=3510) to work on /opt/airflow/dags/wikitext_dag.py
[2025-01-15T17:24:36.035+0000] {processor.py:829} INFO - Processing file /opt/airflow/dags/wikitext_dag.py for tasks to queue
[2025-01-15T17:24:36.037+0000] {logging_mixin.py:151} INFO - [2025-01-15T17:24:36.036+0000] {dagbag.py:539} INFO - Filling up the DagBag from /opt/airflow/dags/wikitext_dag.py
[2025-01-15T17:24:36.065+0000] {processor.py:839} INFO - DAG(s) dict_keys(['data_lake_pipeline']) retrieved from /opt/airflow/dags/wikitext_dag.py
[2025-01-15T17:24:36.126+0000] {logging_mixin.py:151} INFO - [2025-01-15T17:24:36.126+0000] {dag.py:2915} INFO - Sync 1 DAGs
[2025-01-15T17:24:36.147+0000] {logging_mixin.py:151} INFO - [2025-01-15T17:24:36.147+0000] {dag.py:3696} INFO - Setting next_dagrun for data_lake_pipeline to 2025-01-15T00:00:00+00:00, run_after=2025-01-16T00:00:00+00:00
[2025-01-15T17:24:36.163+0000] {processor.py:179} INFO - Processing /opt/airflow/dags/wikitext_dag.py took 0.142 seconds
[2025-01-15T17:25:06.675+0000] {processor.py:157} INFO - Started process (PID=3520) to work on /opt/airflow/dags/wikitext_dag.py
[2025-01-15T17:25:06.677+0000] {processor.py:829} INFO - Processing file /opt/airflow/dags/wikitext_dag.py for tasks to queue
[2025-01-15T17:25:06.678+0000] {logging_mixin.py:151} INFO - [2025-01-15T17:25:06.678+0000] {dagbag.py:539} INFO - Filling up the DagBag from /opt/airflow/dags/wikitext_dag.py
[2025-01-15T17:25:06.704+0000] {processor.py:839} INFO - DAG(s) dict_keys(['data_lake_pipeline']) retrieved from /opt/airflow/dags/wikitext_dag.py
[2025-01-15T17:25:06.767+0000] {logging_mixin.py:151} INFO - [2025-01-15T17:25:06.767+0000] {dag.py:2915} INFO - Sync 1 DAGs
[2025-01-15T17:25:06.790+0000] {logging_mixin.py:151} INFO - [2025-01-15T17:25:06.790+0000] {dag.py:3696} INFO - Setting next_dagrun for data_lake_pipeline to 2025-01-15T00:00:00+00:00, run_after=2025-01-16T00:00:00+00:00
[2025-01-15T17:25:06.804+0000] {processor.py:179} INFO - Processing /opt/airflow/dags/wikitext_dag.py took 0.138 seconds
[2025-01-15T17:25:37.019+0000] {processor.py:157} INFO - Started process (PID=3530) to work on /opt/airflow/dags/wikitext_dag.py
[2025-01-15T17:25:37.023+0000] {processor.py:829} INFO - Processing file /opt/airflow/dags/wikitext_dag.py for tasks to queue
[2025-01-15T17:25:37.024+0000] {logging_mixin.py:151} INFO - [2025-01-15T17:25:37.023+0000] {dagbag.py:539} INFO - Filling up the DagBag from /opt/airflow/dags/wikitext_dag.py
[2025-01-15T17:25:37.049+0000] {processor.py:839} INFO - DAG(s) dict_keys(['data_lake_pipeline']) retrieved from /opt/airflow/dags/wikitext_dag.py
[2025-01-15T17:25:37.096+0000] {logging_mixin.py:151} INFO - [2025-01-15T17:25:37.096+0000] {dag.py:2915} INFO - Sync 1 DAGs
[2025-01-15T17:25:37.119+0000] {logging_mixin.py:151} INFO - [2025-01-15T17:25:37.119+0000] {dag.py:3696} INFO - Setting next_dagrun for data_lake_pipeline to 2025-01-15T00:00:00+00:00, run_after=2025-01-16T00:00:00+00:00
[2025-01-15T17:25:37.133+0000] {processor.py:179} INFO - Processing /opt/airflow/dags/wikitext_dag.py took 0.119 seconds
[2025-01-15T17:26:07.355+0000] {processor.py:157} INFO - Started process (PID=3540) to work on /opt/airflow/dags/wikitext_dag.py
[2025-01-15T17:26:07.357+0000] {processor.py:829} INFO - Processing file /opt/airflow/dags/wikitext_dag.py for tasks to queue
[2025-01-15T17:26:07.358+0000] {logging_mixin.py:151} INFO - [2025-01-15T17:26:07.358+0000] {dagbag.py:539} INFO - Filling up the DagBag from /opt/airflow/dags/wikitext_dag.py
[2025-01-15T17:26:07.382+0000] {processor.py:839} INFO - DAG(s) dict_keys(['data_lake_pipeline']) retrieved from /opt/airflow/dags/wikitext_dag.py
[2025-01-15T17:26:07.421+0000] {logging_mixin.py:151} INFO - [2025-01-15T17:26:07.420+0000] {dag.py:2915} INFO - Sync 1 DAGs
[2025-01-15T17:26:07.444+0000] {logging_mixin.py:151} INFO - [2025-01-15T17:26:07.444+0000] {dag.py:3696} INFO - Setting next_dagrun for data_lake_pipeline to 2025-01-15T00:00:00+00:00, run_after=2025-01-16T00:00:00+00:00
[2025-01-15T17:26:07.457+0000] {processor.py:179} INFO - Processing /opt/airflow/dags/wikitext_dag.py took 0.113 seconds
[2025-01-15T17:26:37.741+0000] {processor.py:157} INFO - Started process (PID=3550) to work on /opt/airflow/dags/wikitext_dag.py
[2025-01-15T17:26:37.743+0000] {processor.py:829} INFO - Processing file /opt/airflow/dags/wikitext_dag.py for tasks to queue
[2025-01-15T17:26:37.746+0000] {logging_mixin.py:151} INFO - [2025-01-15T17:26:37.746+0000] {dagbag.py:539} INFO - Filling up the DagBag from /opt/airflow/dags/wikitext_dag.py
[2025-01-15T17:26:37.768+0000] {processor.py:839} INFO - DAG(s) dict_keys(['data_lake_pipeline']) retrieved from /opt/airflow/dags/wikitext_dag.py
[2025-01-15T17:26:37.801+0000] {logging_mixin.py:151} INFO - [2025-01-15T17:26:37.801+0000] {dag.py:2915} INFO - Sync 1 DAGs
[2025-01-15T17:26:37.823+0000] {logging_mixin.py:151} INFO - [2025-01-15T17:26:37.823+0000] {dag.py:3696} INFO - Setting next_dagrun for data_lake_pipeline to 2025-01-15T00:00:00+00:00, run_after=2025-01-16T00:00:00+00:00
[2025-01-15T17:26:37.838+0000] {processor.py:179} INFO - Processing /opt/airflow/dags/wikitext_dag.py took 0.107 seconds
[2025-01-15T17:27:08.146+0000] {processor.py:157} INFO - Started process (PID=3560) to work on /opt/airflow/dags/wikitext_dag.py
[2025-01-15T17:27:08.149+0000] {processor.py:829} INFO - Processing file /opt/airflow/dags/wikitext_dag.py for tasks to queue
[2025-01-15T17:27:08.150+0000] {logging_mixin.py:151} INFO - [2025-01-15T17:27:08.150+0000] {dagbag.py:539} INFO - Filling up the DagBag from /opt/airflow/dags/wikitext_dag.py
[2025-01-15T17:27:08.180+0000] {processor.py:839} INFO - DAG(s) dict_keys(['data_lake_pipeline']) retrieved from /opt/airflow/dags/wikitext_dag.py
[2025-01-15T17:27:08.222+0000] {logging_mixin.py:151} INFO - [2025-01-15T17:27:08.222+0000] {dag.py:2915} INFO - Sync 1 DAGs
[2025-01-15T17:27:08.243+0000] {logging_mixin.py:151} INFO - [2025-01-15T17:27:08.243+0000] {dag.py:3696} INFO - Setting next_dagrun for data_lake_pipeline to 2025-01-15T00:00:00+00:00, run_after=2025-01-16T00:00:00+00:00
[2025-01-15T17:27:08.259+0000] {processor.py:179} INFO - Processing /opt/airflow/dags/wikitext_dag.py took 0.127 seconds
[2025-01-15T17:27:38.685+0000] {processor.py:157} INFO - Started process (PID=3570) to work on /opt/airflow/dags/wikitext_dag.py
[2025-01-15T17:27:38.688+0000] {processor.py:829} INFO - Processing file /opt/airflow/dags/wikitext_dag.py for tasks to queue
[2025-01-15T17:27:38.690+0000] {logging_mixin.py:151} INFO - [2025-01-15T17:27:38.689+0000] {dagbag.py:539} INFO - Filling up the DagBag from /opt/airflow/dags/wikitext_dag.py
[2025-01-15T17:27:38.714+0000] {processor.py:839} INFO - DAG(s) dict_keys(['data_lake_pipeline']) retrieved from /opt/airflow/dags/wikitext_dag.py
[2025-01-15T17:27:38.754+0000] {logging_mixin.py:151} INFO - [2025-01-15T17:27:38.753+0000] {dag.py:2915} INFO - Sync 1 DAGs
[2025-01-15T17:27:38.771+0000] {logging_mixin.py:151} INFO - [2025-01-15T17:27:38.771+0000] {dag.py:3696} INFO - Setting next_dagrun for data_lake_pipeline to 2025-01-15T00:00:00+00:00, run_after=2025-01-16T00:00:00+00:00
[2025-01-15T17:27:38.784+0000] {processor.py:179} INFO - Processing /opt/airflow/dags/wikitext_dag.py took 0.110 seconds
[2025-01-15T17:28:09.064+0000] {processor.py:157} INFO - Started process (PID=3580) to work on /opt/airflow/dags/wikitext_dag.py
[2025-01-15T17:28:09.069+0000] {processor.py:829} INFO - Processing file /opt/airflow/dags/wikitext_dag.py for tasks to queue
[2025-01-15T17:28:09.070+0000] {logging_mixin.py:151} INFO - [2025-01-15T17:28:09.070+0000] {dagbag.py:539} INFO - Filling up the DagBag from /opt/airflow/dags/wikitext_dag.py
[2025-01-15T17:28:09.093+0000] {processor.py:839} INFO - DAG(s) dict_keys(['data_lake_pipeline']) retrieved from /opt/airflow/dags/wikitext_dag.py
[2025-01-15T17:28:09.138+0000] {logging_mixin.py:151} INFO - [2025-01-15T17:28:09.138+0000] {dag.py:2915} INFO - Sync 1 DAGs
[2025-01-15T17:28:09.190+0000] {logging_mixin.py:151} INFO - [2025-01-15T17:28:09.189+0000] {dag.py:3696} INFO - Setting next_dagrun for data_lake_pipeline to 2025-01-15T00:00:00+00:00, run_after=2025-01-16T00:00:00+00:00
[2025-01-15T17:28:09.196+0000] {processor.py:179} INFO - Processing /opt/airflow/dags/wikitext_dag.py took 0.139 seconds
[2025-01-15T17:28:39.551+0000] {processor.py:157} INFO - Started process (PID=3590) to work on /opt/airflow/dags/wikitext_dag.py
[2025-01-15T17:28:39.555+0000] {processor.py:829} INFO - Processing file /opt/airflow/dags/wikitext_dag.py for tasks to queue
[2025-01-15T17:28:39.557+0000] {logging_mixin.py:151} INFO - [2025-01-15T17:28:39.557+0000] {dagbag.py:539} INFO - Filling up the DagBag from /opt/airflow/dags/wikitext_dag.py
[2025-01-15T17:28:39.581+0000] {processor.py:839} INFO - DAG(s) dict_keys(['data_lake_pipeline']) retrieved from /opt/airflow/dags/wikitext_dag.py
[2025-01-15T17:28:39.630+0000] {logging_mixin.py:151} INFO - [2025-01-15T17:28:39.630+0000] {dag.py:2915} INFO - Sync 1 DAGs
[2025-01-15T17:28:39.650+0000] {logging_mixin.py:151} INFO - [2025-01-15T17:28:39.650+0000] {dag.py:3696} INFO - Setting next_dagrun for data_lake_pipeline to 2025-01-15T00:00:00+00:00, run_after=2025-01-16T00:00:00+00:00
[2025-01-15T17:28:39.664+0000] {processor.py:179} INFO - Processing /opt/airflow/dags/wikitext_dag.py took 0.121 seconds
[2025-01-15T17:29:09.970+0000] {processor.py:157} INFO - Started process (PID=3600) to work on /opt/airflow/dags/wikitext_dag.py
[2025-01-15T17:29:09.973+0000] {processor.py:829} INFO - Processing file /opt/airflow/dags/wikitext_dag.py for tasks to queue
[2025-01-15T17:29:09.977+0000] {logging_mixin.py:151} INFO - [2025-01-15T17:29:09.973+0000] {dagbag.py:539} INFO - Filling up the DagBag from /opt/airflow/dags/wikitext_dag.py
[2025-01-15T17:29:10.002+0000] {processor.py:839} INFO - DAG(s) dict_keys(['data_lake_pipeline']) retrieved from /opt/airflow/dags/wikitext_dag.py
[2025-01-15T17:29:10.046+0000] {logging_mixin.py:151} INFO - [2025-01-15T17:29:10.046+0000] {dag.py:2915} INFO - Sync 1 DAGs
[2025-01-15T17:29:10.065+0000] {logging_mixin.py:151} INFO - [2025-01-15T17:29:10.065+0000] {dag.py:3696} INFO - Setting next_dagrun for data_lake_pipeline to 2025-01-15T00:00:00+00:00, run_after=2025-01-16T00:00:00+00:00
[2025-01-15T17:29:10.079+0000] {processor.py:179} INFO - Processing /opt/airflow/dags/wikitext_dag.py took 0.119 seconds
[2025-01-15T17:29:41.136+0000] {processor.py:157} INFO - Started process (PID=4145) to work on /opt/airflow/dags/wikitext_dag.py
[2025-01-15T17:29:41.139+0000] {processor.py:829} INFO - Processing file /opt/airflow/dags/wikitext_dag.py for tasks to queue
[2025-01-15T17:29:41.143+0000] {logging_mixin.py:151} INFO - [2025-01-15T17:29:41.143+0000] {dagbag.py:539} INFO - Filling up the DagBag from /opt/airflow/dags/wikitext_dag.py
[2025-01-15T17:29:41.183+0000] {processor.py:839} INFO - DAG(s) dict_keys(['data_lake_pipeline']) retrieved from /opt/airflow/dags/wikitext_dag.py
[2025-01-15T17:29:41.233+0000] {logging_mixin.py:151} INFO - [2025-01-15T17:29:41.232+0000] {dag.py:2915} INFO - Sync 1 DAGs
[2025-01-15T17:29:41.254+0000] {logging_mixin.py:151} INFO - [2025-01-15T17:29:41.254+0000] {dag.py:3696} INFO - Setting next_dagrun for data_lake_pipeline to 2025-01-15T00:00:00+00:00, run_after=2025-01-16T00:00:00+00:00
[2025-01-15T17:29:41.266+0000] {processor.py:179} INFO - Processing /opt/airflow/dags/wikitext_dag.py took 0.135 seconds
[2025-01-15T17:30:11.511+0000] {processor.py:157} INFO - Started process (PID=4155) to work on /opt/airflow/dags/wikitext_dag.py
[2025-01-15T17:30:11.514+0000] {processor.py:829} INFO - Processing file /opt/airflow/dags/wikitext_dag.py for tasks to queue
[2025-01-15T17:30:11.515+0000] {logging_mixin.py:151} INFO - [2025-01-15T17:30:11.514+0000] {dagbag.py:539} INFO - Filling up the DagBag from /opt/airflow/dags/wikitext_dag.py
[2025-01-15T17:30:11.542+0000] {processor.py:839} INFO - DAG(s) dict_keys(['data_lake_pipeline']) retrieved from /opt/airflow/dags/wikitext_dag.py
[2025-01-15T17:30:11.582+0000] {logging_mixin.py:151} INFO - [2025-01-15T17:30:11.581+0000] {dag.py:2915} INFO - Sync 1 DAGs
[2025-01-15T17:30:11.605+0000] {logging_mixin.py:151} INFO - [2025-01-15T17:30:11.605+0000] {dag.py:3696} INFO - Setting next_dagrun for data_lake_pipeline to 2025-01-15T00:00:00+00:00, run_after=2025-01-16T00:00:00+00:00
[2025-01-15T17:30:11.622+0000] {processor.py:179} INFO - Processing /opt/airflow/dags/wikitext_dag.py took 0.118 seconds
[2025-01-15T17:30:41.856+0000] {processor.py:157} INFO - Started process (PID=4165) to work on /opt/airflow/dags/wikitext_dag.py
[2025-01-15T17:30:41.860+0000] {processor.py:829} INFO - Processing file /opt/airflow/dags/wikitext_dag.py for tasks to queue
[2025-01-15T17:30:41.863+0000] {logging_mixin.py:151} INFO - [2025-01-15T17:30:41.863+0000] {dagbag.py:539} INFO - Filling up the DagBag from /opt/airflow/dags/wikitext_dag.py
[2025-01-15T17:30:41.886+0000] {processor.py:839} INFO - DAG(s) dict_keys(['data_lake_pipeline']) retrieved from /opt/airflow/dags/wikitext_dag.py
[2025-01-15T17:30:41.927+0000] {logging_mixin.py:151} INFO - [2025-01-15T17:30:41.927+0000] {dag.py:2915} INFO - Sync 1 DAGs
[2025-01-15T17:30:41.948+0000] {logging_mixin.py:151} INFO - [2025-01-15T17:30:41.948+0000] {dag.py:3696} INFO - Setting next_dagrun for data_lake_pipeline to 2025-01-15T00:00:00+00:00, run_after=2025-01-16T00:00:00+00:00
[2025-01-15T17:30:41.960+0000] {processor.py:179} INFO - Processing /opt/airflow/dags/wikitext_dag.py took 0.115 seconds
[2025-01-15T17:31:12.221+0000] {processor.py:157} INFO - Started process (PID=4175) to work on /opt/airflow/dags/wikitext_dag.py
[2025-01-15T17:31:12.224+0000] {processor.py:829} INFO - Processing file /opt/airflow/dags/wikitext_dag.py for tasks to queue
[2025-01-15T17:31:12.227+0000] {logging_mixin.py:151} INFO - [2025-01-15T17:31:12.226+0000] {dagbag.py:539} INFO - Filling up the DagBag from /opt/airflow/dags/wikitext_dag.py
[2025-01-15T17:31:12.250+0000] {processor.py:839} INFO - DAG(s) dict_keys(['data_lake_pipeline']) retrieved from /opt/airflow/dags/wikitext_dag.py
[2025-01-15T17:31:12.289+0000] {logging_mixin.py:151} INFO - [2025-01-15T17:31:12.289+0000] {dag.py:2915} INFO - Sync 1 DAGs
[2025-01-15T17:31:12.311+0000] {logging_mixin.py:151} INFO - [2025-01-15T17:31:12.311+0000] {dag.py:3696} INFO - Setting next_dagrun for data_lake_pipeline to 2025-01-15T00:00:00+00:00, run_after=2025-01-16T00:00:00+00:00
[2025-01-15T17:31:12.324+0000] {processor.py:179} INFO - Processing /opt/airflow/dags/wikitext_dag.py took 0.114 seconds
[2025-01-15T17:31:42.721+0000] {processor.py:157} INFO - Started process (PID=4185) to work on /opt/airflow/dags/wikitext_dag.py
[2025-01-15T17:31:42.723+0000] {processor.py:829} INFO - Processing file /opt/airflow/dags/wikitext_dag.py for tasks to queue
[2025-01-15T17:31:42.727+0000] {logging_mixin.py:151} INFO - [2025-01-15T17:31:42.726+0000] {dagbag.py:539} INFO - Filling up the DagBag from /opt/airflow/dags/wikitext_dag.py
[2025-01-15T17:31:42.754+0000] {processor.py:839} INFO - DAG(s) dict_keys(['data_lake_pipeline']) retrieved from /opt/airflow/dags/wikitext_dag.py
[2025-01-15T17:31:42.930+0000] {logging_mixin.py:151} INFO - [2025-01-15T17:31:42.929+0000] {security.py:708} INFO - Not syncing DAG-level permissions for DAG 'DAG:data_lake_pipeline' as access control is unset.
[2025-01-15T17:31:42.930+0000] {logging_mixin.py:151} INFO - [2025-01-15T17:31:42.930+0000] {dag.py:2915} INFO - Sync 1 DAGs
[2025-01-15T17:31:42.944+0000] {logging_mixin.py:151} INFO - [2025-01-15T17:31:42.944+0000] {dag.py:2937} INFO - Creating ORM DAG for data_lake_pipeline
[2025-01-15T17:31:42.950+0000] {logging_mixin.py:151} INFO - [2025-01-15T17:31:42.950+0000] {dag.py:3696} INFO - Setting next_dagrun for data_lake_pipeline to 2025-01-01T00:00:00+00:00, run_after=2025-01-02T00:00:00+00:00
[2025-01-15T17:31:42.961+0000] {processor.py:179} INFO - Processing /opt/airflow/dags/wikitext_dag.py took 0.249 seconds
[2025-01-15T17:32:13.575+0000] {processor.py:157} INFO - Started process (PID=4422) to work on /opt/airflow/dags/wikitext_dag.py
[2025-01-15T17:32:13.579+0000] {processor.py:829} INFO - Processing file /opt/airflow/dags/wikitext_dag.py for tasks to queue
[2025-01-15T17:32:13.585+0000] {logging_mixin.py:151} INFO - [2025-01-15T17:32:13.582+0000] {dagbag.py:539} INFO - Filling up the DagBag from /opt/airflow/dags/wikitext_dag.py
[2025-01-15T17:32:13.721+0000] {processor.py:839} INFO - DAG(s) dict_keys(['data_lake_pipeline']) retrieved from /opt/airflow/dags/wikitext_dag.py
[2025-01-15T17:32:13.901+0000] {logging_mixin.py:151} INFO - [2025-01-15T17:32:13.901+0000] {dag.py:2915} INFO - Sync 1 DAGs
[2025-01-15T17:32:13.998+0000] {logging_mixin.py:151} INFO - [2025-01-15T17:32:13.998+0000] {dag.py:3696} INFO - Setting next_dagrun for data_lake_pipeline to 2025-01-15T00:00:00+00:00, run_after=2025-01-16T00:00:00+00:00
[2025-01-15T17:32:14.034+0000] {processor.py:179} INFO - Processing /opt/airflow/dags/wikitext_dag.py took 0.487 seconds
[2025-01-15T17:32:44.826+0000] {processor.py:157} INFO - Started process (PID=4694) to work on /opt/airflow/dags/wikitext_dag.py
[2025-01-15T17:32:44.849+0000] {processor.py:829} INFO - Processing file /opt/airflow/dags/wikitext_dag.py for tasks to queue
[2025-01-15T17:32:44.889+0000] {logging_mixin.py:151} INFO - [2025-01-15T17:32:44.876+0000] {dagbag.py:539} INFO - Filling up the DagBag from /opt/airflow/dags/wikitext_dag.py
[2025-01-15T17:32:45.605+0000] {processor.py:839} INFO - DAG(s) dict_keys(['data_lake_pipeline']) retrieved from /opt/airflow/dags/wikitext_dag.py
[2025-01-15T17:32:46.339+0000] {logging_mixin.py:151} INFO - [2025-01-15T17:32:46.325+0000] {dag.py:2915} INFO - Sync 1 DAGs
[2025-01-15T17:32:47.219+0000] {logging_mixin.py:151} INFO - [2025-01-15T17:32:47.196+0000] {dag.py:3696} INFO - Setting next_dagrun for data_lake_pipeline to 2025-01-15T00:00:00+00:00, run_after=2025-01-16T00:00:00+00:00
[2025-01-15T17:32:47.717+0000] {processor.py:179} INFO - Processing /opt/airflow/dags/wikitext_dag.py took 3.055 seconds
[2025-01-15T17:33:18.261+0000] {processor.py:157} INFO - Started process (PID=4889) to work on /opt/airflow/dags/wikitext_dag.py
[2025-01-15T17:33:18.263+0000] {processor.py:829} INFO - Processing file /opt/airflow/dags/wikitext_dag.py for tasks to queue
[2025-01-15T17:33:18.264+0000] {logging_mixin.py:151} INFO - [2025-01-15T17:33:18.264+0000] {dagbag.py:539} INFO - Filling up the DagBag from /opt/airflow/dags/wikitext_dag.py
[2025-01-15T17:33:18.275+0000] {processor.py:839} INFO - DAG(s) dict_keys(['data_lake_pipeline']) retrieved from /opt/airflow/dags/wikitext_dag.py
[2025-01-15T17:33:18.292+0000] {logging_mixin.py:151} INFO - [2025-01-15T17:33:18.291+0000] {dag.py:2915} INFO - Sync 1 DAGs
[2025-01-15T17:33:18.302+0000] {logging_mixin.py:151} INFO - [2025-01-15T17:33:18.302+0000] {dag.py:3696} INFO - Setting next_dagrun for data_lake_pipeline to 2025-01-15T00:00:00+00:00, run_after=2025-01-16T00:00:00+00:00
[2025-01-15T17:33:18.310+0000] {processor.py:179} INFO - Processing /opt/airflow/dags/wikitext_dag.py took 0.060 seconds
[2025-01-15T17:33:48.625+0000] {processor.py:157} INFO - Started process (PID=4899) to work on /opt/airflow/dags/wikitext_dag.py
[2025-01-15T17:33:48.627+0000] {processor.py:829} INFO - Processing file /opt/airflow/dags/wikitext_dag.py for tasks to queue
[2025-01-15T17:33:48.628+0000] {logging_mixin.py:151} INFO - [2025-01-15T17:33:48.628+0000] {dagbag.py:539} INFO - Filling up the DagBag from /opt/airflow/dags/wikitext_dag.py
[2025-01-15T17:33:48.641+0000] {processor.py:839} INFO - DAG(s) dict_keys(['data_lake_pipeline']) retrieved from /opt/airflow/dags/wikitext_dag.py
[2025-01-15T17:33:48.664+0000] {logging_mixin.py:151} INFO - [2025-01-15T17:33:48.664+0000] {dag.py:2915} INFO - Sync 1 DAGs
[2025-01-15T17:33:48.676+0000] {logging_mixin.py:151} INFO - [2025-01-15T17:33:48.676+0000] {dag.py:3696} INFO - Setting next_dagrun for data_lake_pipeline to 2025-01-15T00:00:00+00:00, run_after=2025-01-16T00:00:00+00:00
[2025-01-15T17:33:48.683+0000] {processor.py:179} INFO - Processing /opt/airflow/dags/wikitext_dag.py took 0.073 seconds
[2025-01-15T17:34:18.963+0000] {processor.py:157} INFO - Started process (PID=4909) to work on /opt/airflow/dags/wikitext_dag.py
[2025-01-15T17:34:18.964+0000] {processor.py:829} INFO - Processing file /opt/airflow/dags/wikitext_dag.py for tasks to queue
[2025-01-15T17:34:18.965+0000] {logging_mixin.py:151} INFO - [2025-01-15T17:34:18.965+0000] {dagbag.py:539} INFO - Filling up the DagBag from /opt/airflow/dags/wikitext_dag.py
[2025-01-15T17:34:18.976+0000] {processor.py:839} INFO - DAG(s) dict_keys(['data_lake_pipeline']) retrieved from /opt/airflow/dags/wikitext_dag.py
[2025-01-15T17:34:19.007+0000] {logging_mixin.py:151} INFO - [2025-01-15T17:34:19.006+0000] {dag.py:2915} INFO - Sync 1 DAGs
[2025-01-15T17:34:19.021+0000] {logging_mixin.py:151} INFO - [2025-01-15T17:34:19.020+0000] {dag.py:3696} INFO - Setting next_dagrun for data_lake_pipeline to 2025-01-15T00:00:00+00:00, run_after=2025-01-16T00:00:00+00:00
[2025-01-15T17:34:19.030+0000] {processor.py:179} INFO - Processing /opt/airflow/dags/wikitext_dag.py took 0.071 seconds
[2025-01-15T17:34:49.287+0000] {processor.py:157} INFO - Started process (PID=4919) to work on /opt/airflow/dags/wikitext_dag.py
[2025-01-15T17:34:49.288+0000] {processor.py:829} INFO - Processing file /opt/airflow/dags/wikitext_dag.py for tasks to queue
[2025-01-15T17:34:49.289+0000] {logging_mixin.py:151} INFO - [2025-01-15T17:34:49.289+0000] {dagbag.py:539} INFO - Filling up the DagBag from /opt/airflow/dags/wikitext_dag.py
[2025-01-15T17:34:49.297+0000] {processor.py:839} INFO - DAG(s) dict_keys(['data_lake_pipeline']) retrieved from /opt/airflow/dags/wikitext_dag.py
[2025-01-15T17:34:49.315+0000] {logging_mixin.py:151} INFO - [2025-01-15T17:34:49.315+0000] {dag.py:2915} INFO - Sync 1 DAGs
[2025-01-15T17:34:49.326+0000] {logging_mixin.py:151} INFO - [2025-01-15T17:34:49.326+0000] {dag.py:3696} INFO - Setting next_dagrun for data_lake_pipeline to 2025-01-15T00:00:00+00:00, run_after=2025-01-16T00:00:00+00:00
[2025-01-15T17:34:49.333+0000] {processor.py:179} INFO - Processing /opt/airflow/dags/wikitext_dag.py took 0.048 seconds
[2025-01-15T17:35:19.772+0000] {processor.py:157} INFO - Started process (PID=4929) to work on /opt/airflow/dags/wikitext_dag.py
[2025-01-15T17:35:19.773+0000] {processor.py:829} INFO - Processing file /opt/airflow/dags/wikitext_dag.py for tasks to queue
[2025-01-15T17:35:19.773+0000] {logging_mixin.py:151} INFO - [2025-01-15T17:35:19.773+0000] {dagbag.py:539} INFO - Filling up the DagBag from /opt/airflow/dags/wikitext_dag.py
[2025-01-15T17:35:19.781+0000] {processor.py:839} INFO - DAG(s) dict_keys(['data_lake_pipeline']) retrieved from /opt/airflow/dags/wikitext_dag.py
[2025-01-15T17:35:19.801+0000] {logging_mixin.py:151} INFO - [2025-01-15T17:35:19.801+0000] {dag.py:2915} INFO - Sync 1 DAGs
[2025-01-15T17:35:19.812+0000] {logging_mixin.py:151} INFO - [2025-01-15T17:35:19.812+0000] {dag.py:3696} INFO - Setting next_dagrun for data_lake_pipeline to 2025-01-15T00:00:00+00:00, run_after=2025-01-16T00:00:00+00:00
[2025-01-15T17:35:19.820+0000] {processor.py:179} INFO - Processing /opt/airflow/dags/wikitext_dag.py took 0.051 seconds
[2025-01-15T17:35:50.229+0000] {processor.py:157} INFO - Started process (PID=4939) to work on /opt/airflow/dags/wikitext_dag.py
[2025-01-15T17:35:50.231+0000] {processor.py:829} INFO - Processing file /opt/airflow/dags/wikitext_dag.py for tasks to queue
[2025-01-15T17:35:50.232+0000] {logging_mixin.py:151} INFO - [2025-01-15T17:35:50.231+0000] {dagbag.py:539} INFO - Filling up the DagBag from /opt/airflow/dags/wikitext_dag.py
[2025-01-15T17:35:50.242+0000] {processor.py:839} INFO - DAG(s) dict_keys(['data_lake_pipeline']) retrieved from /opt/airflow/dags/wikitext_dag.py
[2025-01-15T17:35:50.269+0000] {logging_mixin.py:151} INFO - [2025-01-15T17:35:50.269+0000] {dag.py:2915} INFO - Sync 1 DAGs
[2025-01-15T17:35:50.279+0000] {logging_mixin.py:151} INFO - [2025-01-15T17:35:50.279+0000] {dag.py:3696} INFO - Setting next_dagrun for data_lake_pipeline to 2025-01-15T00:00:00+00:00, run_after=2025-01-16T00:00:00+00:00
[2025-01-15T17:35:50.286+0000] {processor.py:179} INFO - Processing /opt/airflow/dags/wikitext_dag.py took 0.068 seconds
[2025-01-15T17:35:56.331+0000] {processor.py:157} INFO - Started process (PID=4944) to work on /opt/airflow/dags/wikitext_dag.py
[2025-01-15T17:35:56.333+0000] {processor.py:829} INFO - Processing file /opt/airflow/dags/wikitext_dag.py for tasks to queue
[2025-01-15T17:35:56.340+0000] {logging_mixin.py:151} INFO - [2025-01-15T17:35:56.336+0000] {dagbag.py:539} INFO - Filling up the DagBag from /opt/airflow/dags/wikitext_dag.py
[2025-01-15T17:35:56.368+0000] {processor.py:839} INFO - DAG(s) dict_keys(['data_lake_pipeline']) retrieved from /opt/airflow/dags/wikitext_dag.py
[2025-01-15T17:35:56.405+0000] {logging_mixin.py:151} INFO - [2025-01-15T17:35:56.405+0000] {dag.py:2915} INFO - Sync 1 DAGs
[2025-01-15T17:35:56.426+0000] {logging_mixin.py:151} INFO - [2025-01-15T17:35:56.426+0000] {dag.py:3696} INFO - Setting next_dagrun for data_lake_pipeline to 2025-01-15T00:00:00+00:00, run_after=2025-01-16T00:00:00+00:00
[2025-01-15T17:35:56.437+0000] {processor.py:179} INFO - Processing /opt/airflow/dags/wikitext_dag.py took 0.113 seconds
[2025-01-15T17:36:26.754+0000] {processor.py:157} INFO - Started process (PID=4954) to work on /opt/airflow/dags/wikitext_dag.py
[2025-01-15T17:36:26.756+0000] {processor.py:829} INFO - Processing file /opt/airflow/dags/wikitext_dag.py for tasks to queue
[2025-01-15T17:36:26.758+0000] {logging_mixin.py:151} INFO - [2025-01-15T17:36:26.757+0000] {dagbag.py:539} INFO - Filling up the DagBag from /opt/airflow/dags/wikitext_dag.py
[2025-01-15T17:36:26.783+0000] {processor.py:839} INFO - DAG(s) dict_keys(['data_lake_pipeline']) retrieved from /opt/airflow/dags/wikitext_dag.py
[2025-01-15T17:36:26.825+0000] {logging_mixin.py:151} INFO - [2025-01-15T17:36:26.825+0000] {dag.py:2915} INFO - Sync 1 DAGs
[2025-01-15T17:36:26.845+0000] {logging_mixin.py:151} INFO - [2025-01-15T17:36:26.845+0000] {dag.py:3696} INFO - Setting next_dagrun for data_lake_pipeline to 2025-01-15T00:00:00+00:00, run_after=2025-01-16T00:00:00+00:00
[2025-01-15T17:36:26.855+0000] {processor.py:179} INFO - Processing /opt/airflow/dags/wikitext_dag.py took 0.110 seconds
[2025-01-15T17:36:57.139+0000] {processor.py:157} INFO - Started process (PID=4964) to work on /opt/airflow/dags/wikitext_dag.py
[2025-01-15T17:36:57.140+0000] {processor.py:829} INFO - Processing file /opt/airflow/dags/wikitext_dag.py for tasks to queue
[2025-01-15T17:36:57.141+0000] {logging_mixin.py:151} INFO - [2025-01-15T17:36:57.141+0000] {dagbag.py:539} INFO - Filling up the DagBag from /opt/airflow/dags/wikitext_dag.py
[2025-01-15T17:36:57.161+0000] {processor.py:839} INFO - DAG(s) dict_keys(['data_lake_pipeline']) retrieved from /opt/airflow/dags/wikitext_dag.py
[2025-01-15T17:36:57.190+0000] {logging_mixin.py:151} INFO - [2025-01-15T17:36:57.189+0000] {dag.py:2915} INFO - Sync 1 DAGs
[2025-01-15T17:36:57.206+0000] {logging_mixin.py:151} INFO - [2025-01-15T17:36:57.206+0000] {dag.py:3696} INFO - Setting next_dagrun for data_lake_pipeline to 2025-01-15T00:00:00+00:00, run_after=2025-01-16T00:00:00+00:00
[2025-01-15T17:36:57.215+0000] {processor.py:179} INFO - Processing /opt/airflow/dags/wikitext_dag.py took 0.081 seconds
