[2025-01-08T15:40:19.077+0000] {taskinstance.py:1157} INFO - Dependencies all met for dep_context=non-requeueable deps ti=<TaskInstance: hackernews_pipeline.index_stories_to_elasticsearch scheduled__2025-01-08T15:35:00+00:00 [queued]>
[2025-01-08T15:40:19.083+0000] {taskinstance.py:1157} INFO - Dependencies all met for dep_context=requeueable deps ti=<TaskInstance: hackernews_pipeline.index_stories_to_elasticsearch scheduled__2025-01-08T15:35:00+00:00 [queued]>
[2025-01-08T15:40:19.083+0000] {taskinstance.py:1359} INFO - Starting attempt 1 of 2
[2025-01-08T15:40:19.091+0000] {taskinstance.py:1380} INFO - Executing <Task(PythonOperator): index_stories_to_elasticsearch> on 2025-01-08 15:35:00+00:00
[2025-01-08T15:40:19.094+0000] {standard_task_runner.py:57} INFO - Started process 1239 to run task
[2025-01-08T15:40:19.097+0000] {standard_task_runner.py:84} INFO - Running: ['***', 'tasks', 'run', 'hackernews_pipeline', 'index_stories_to_elasticsearch', 'scheduled__2025-01-08T15:35:00+00:00', '--job-id', '25', '--raw', '--subdir', 'DAGS_FOLDER/hackernews_dag.py', '--cfg-path', '/tmp/tmpwnh8jq_r']
[2025-01-08T15:40:19.099+0000] {standard_task_runner.py:85} INFO - Job 25: Subtask index_stories_to_elasticsearch
[2025-01-08T15:40:19.114+0000] {logging_mixin.py:151} WARNING - /home/***/.local/lib/python3.8/site-packages/***/settings.py:195 DeprecationWarning: The sql_alchemy_conn option in [core] has been moved to the sql_alchemy_conn option in [database] - the old setting has been used, but please update your config.
[2025-01-08T15:40:19.137+0000] {task_command.py:415} INFO - Running <TaskInstance: hackernews_pipeline.index_stories_to_elasticsearch scheduled__2025-01-08T15:35:00+00:00 [running]> on host b0d8a0cf0007
[2025-01-08T15:40:19.208+0000] {taskinstance.py:1660} INFO - Exporting env vars: AIRFLOW_CTX_DAG_OWNER='***' AIRFLOW_CTX_DAG_ID='hackernews_pipeline' AIRFLOW_CTX_TASK_ID='index_stories_to_elasticsearch' AIRFLOW_CTX_EXECUTION_DATE='2025-01-08T15:35:00+00:00' AIRFLOW_CTX_TRY_NUMBER='1' AIRFLOW_CTX_DAG_RUN_ID='scheduled__2025-01-08T15:35:00+00:00'
[2025-01-08T15:40:19.258+0000] {base.py:107} INFO - POST http://elasticsearch:9200/hackernews/_doc/42633501 [status:200 request:0.048s]
[2025-01-08T15:40:19.261+0000] {base.py:107} INFO - POST http://elasticsearch:9200/hackernews/_doc/42634624 [status:200 request:0.003s]
[2025-01-08T15:40:19.264+0000] {base.py:107} INFO - POST http://elasticsearch:9200/hackernews/_doc/42631873 [status:200 request:0.002s]
[2025-01-08T15:40:19.267+0000] {base.py:107} INFO - POST http://elasticsearch:9200/hackernews/_doc/42633805 [status:200 request:0.002s]
[2025-01-08T15:40:19.270+0000] {base.py:107} INFO - POST http://elasticsearch:9200/hackernews/_doc/42598097 [status:200 request:0.003s]
[2025-01-08T15:40:19.273+0000] {base.py:107} INFO - POST http://elasticsearch:9200/hackernews/_doc/42627453 [status:200 request:0.002s]
[2025-01-08T15:40:19.276+0000] {base.py:107} INFO - POST http://elasticsearch:9200/hackernews/_doc/42627227 [status:200 request:0.003s]
[2025-01-08T15:40:19.280+0000] {base.py:107} INFO - POST http://elasticsearch:9200/hackernews/_doc/42621235 [status:200 request:0.005s]
[2025-01-08T15:40:19.283+0000] {base.py:107} INFO - POST http://elasticsearch:9200/hackernews/_doc/42631629 [status:200 request:0.002s]
[2025-01-08T15:40:19.286+0000] {base.py:107} INFO - POST http://elasticsearch:9200/hackernews/_doc/42606318 [status:200 request:0.002s]
[2025-01-08T15:40:19.289+0000] {base.py:107} INFO - POST http://elasticsearch:9200/hackernews/_doc/42621804 [status:200 request:0.002s]
[2025-01-08T15:40:19.291+0000] {base.py:107} INFO - POST http://elasticsearch:9200/hackernews/_doc/42624116 [status:200 request:0.002s]
[2025-01-08T15:40:19.296+0000] {base.py:107} INFO - POST http://elasticsearch:9200/hackernews/_doc/42629163 [status:200 request:0.004s]
[2025-01-08T15:40:19.299+0000] {base.py:107} INFO - POST http://elasticsearch:9200/hackernews/_doc/42601890 [status:200 request:0.002s]
[2025-01-08T15:40:19.302+0000] {base.py:107} INFO - POST http://elasticsearch:9200/hackernews/_doc/42628414 [status:200 request:0.002s]
[2025-01-08T15:40:19.305+0000] {base.py:107} INFO - POST http://elasticsearch:9200/hackernews/_doc/42631959 [status:200 request:0.002s]
[2025-01-08T15:40:19.307+0000] {base.py:107} INFO - POST http://elasticsearch:9200/hackernews/_doc/42623593 [status:200 request:0.002s]
[2025-01-08T15:40:19.309+0000] {base.py:107} INFO - POST http://elasticsearch:9200/hackernews/_doc/42626964 [status:200 request:0.002s]
[2025-01-08T15:40:19.312+0000] {base.py:107} INFO - POST http://elasticsearch:9200/hackernews/_doc/42621033 [status:200 request:0.002s]
[2025-01-08T15:40:19.315+0000] {base.py:107} INFO - POST http://elasticsearch:9200/hackernews/_doc/42603443 [status:200 request:0.003s]
[2025-01-08T15:40:19.317+0000] {base.py:107} INFO - POST http://elasticsearch:9200/hackernews/_doc/42606927 [status:200 request:0.002s]
[2025-01-08T15:40:19.320+0000] {base.py:107} INFO - POST http://elasticsearch:9200/hackernews/_doc/42603188 [status:200 request:0.002s]
[2025-01-08T15:40:19.323+0000] {base.py:107} INFO - POST http://elasticsearch:9200/hackernews/_doc/42632772 [status:200 request:0.002s]
[2025-01-08T15:40:19.326+0000] {base.py:107} INFO - POST http://elasticsearch:9200/hackernews/_doc/42620565 [status:200 request:0.002s]
[2025-01-08T15:40:19.329+0000] {base.py:107} INFO - POST http://elasticsearch:9200/hackernews/_doc/42628934 [status:200 request:0.003s]
[2025-01-08T15:40:19.331+0000] {base.py:107} INFO - POST http://elasticsearch:9200/hackernews/_doc/42621766 [status:200 request:0.003s]
[2025-01-08T15:40:19.334+0000] {base.py:107} INFO - POST http://elasticsearch:9200/hackernews/_doc/42611971 [status:200 request:0.002s]
[2025-01-08T15:40:19.336+0000] {base.py:107} INFO - POST http://elasticsearch:9200/hackernews/_doc/42621627 [status:200 request:0.002s]
[2025-01-08T15:40:19.338+0000] {base.py:107} INFO - POST http://elasticsearch:9200/hackernews/_doc/42625219 [status:200 request:0.002s]
[2025-01-08T15:40:19.340+0000] {base.py:107} INFO - POST http://elasticsearch:9200/hackernews/_doc/42605311 [status:200 request:0.002s]
[2025-01-08T15:40:19.343+0000] {base.py:107} INFO - POST http://elasticsearch:9200/hackernews/_doc/42603140 [status:200 request:0.002s]
[2025-01-08T15:40:19.345+0000] {base.py:107} INFO - POST http://elasticsearch:9200/hackernews/_doc/42624048 [status:200 request:0.002s]
[2025-01-08T15:40:19.347+0000] {base.py:107} INFO - POST http://elasticsearch:9200/hackernews/_doc/42631876 [status:200 request:0.002s]
[2025-01-08T15:40:19.349+0000] {base.py:107} INFO - POST http://elasticsearch:9200/hackernews/_doc/42611536 [status:200 request:0.002s]
[2025-01-08T15:40:19.352+0000] {base.py:107} INFO - POST http://elasticsearch:9200/hackernews/_doc/42632865 [status:200 request:0.002s]
[2025-01-08T15:40:19.354+0000] {base.py:107} INFO - POST http://elasticsearch:9200/hackernews/_doc/42633207 [status:200 request:0.002s]
[2025-01-08T15:40:19.356+0000] {base.py:107} INFO - POST http://elasticsearch:9200/hackernews/_doc/42625193 [status:200 request:0.002s]
[2025-01-08T15:40:19.359+0000] {base.py:107} INFO - POST http://elasticsearch:9200/hackernews/_doc/42628979 [status:200 request:0.003s]
[2025-01-08T15:40:19.362+0000] {base.py:107} INFO - POST http://elasticsearch:9200/hackernews/_doc/42631208 [status:200 request:0.002s]
[2025-01-08T15:40:19.364+0000] {base.py:107} INFO - POST http://elasticsearch:9200/hackernews/_doc/42597962 [status:200 request:0.002s]
[2025-01-08T15:40:19.366+0000] {base.py:107} INFO - POST http://elasticsearch:9200/hackernews/_doc/42606285 [status:200 request:0.002s]
[2025-01-08T15:40:19.368+0000] {base.py:107} INFO - POST http://elasticsearch:9200/hackernews/_doc/42627245 [status:200 request:0.002s]
[2025-01-08T15:40:19.370+0000] {base.py:107} INFO - POST http://elasticsearch:9200/hackernews/_doc/42627567 [status:200 request:0.002s]
[2025-01-08T15:40:19.373+0000] {base.py:107} INFO - POST http://elasticsearch:9200/hackernews/_doc/42632848 [status:200 request:0.002s]
[2025-01-08T15:40:19.375+0000] {base.py:107} INFO - POST http://elasticsearch:9200/hackernews/_doc/42632592 [status:200 request:0.002s]
[2025-01-08T15:40:19.378+0000] {base.py:107} INFO - POST http://elasticsearch:9200/hackernews/_doc/42617645 [status:200 request:0.002s]
[2025-01-08T15:40:19.380+0000] {base.py:107} INFO - POST http://elasticsearch:9200/hackernews/_doc/42619652 [status:200 request:0.002s]
[2025-01-08T15:40:19.384+0000] {base.py:107} INFO - POST http://elasticsearch:9200/hackernews/_doc/42601013 [status:200 request:0.004s]
[2025-01-08T15:40:19.386+0000] {base.py:107} INFO - POST http://elasticsearch:9200/hackernews/_doc/42633421 [status:200 request:0.002s]
[2025-01-08T15:40:19.387+0000] {logging_mixin.py:151} INFO - 49 histoires indexées dans Elasticsearch.
[2025-01-08T15:40:19.387+0000] {python.py:194} INFO - Done. Returned value was: None
[2025-01-08T15:40:19.395+0000] {taskinstance.py:1398} INFO - Marking task as SUCCESS. dag_id=hackernews_pipeline, task_id=index_stories_to_elasticsearch, execution_date=20250108T153500, start_date=20250108T154019, end_date=20250108T154019
[2025-01-08T15:40:19.447+0000] {local_task_job_runner.py:228} INFO - Task exited with return code 0
[2025-01-08T15:40:19.463+0000] {taskinstance.py:2776} INFO - 0 downstream tasks scheduled from follow-on schedule check
