[2025-01-08T15:30:28.641+0000] {taskinstance.py:1157} INFO - Dependencies all met for dep_context=non-requeueable deps ti=<TaskInstance: hackernews_pipeline.index_stories_to_elasticsearch scheduled__2025-01-08T15:25:00+00:00 [queued]>
[2025-01-08T15:30:28.647+0000] {taskinstance.py:1157} INFO - Dependencies all met for dep_context=requeueable deps ti=<TaskInstance: hackernews_pipeline.index_stories_to_elasticsearch scheduled__2025-01-08T15:25:00+00:00 [queued]>
[2025-01-08T15:30:28.647+0000] {taskinstance.py:1359} INFO - Starting attempt 1 of 2
[2025-01-08T15:30:28.655+0000] {taskinstance.py:1380} INFO - Executing <Task(PythonOperator): index_stories_to_elasticsearch> on 2025-01-08 15:25:00+00:00
[2025-01-08T15:30:28.659+0000] {standard_task_runner.py:57} INFO - Started process 1024 to run task
[2025-01-08T15:30:28.661+0000] {standard_task_runner.py:84} INFO - Running: ['***', 'tasks', 'run', 'hackernews_pipeline', 'index_stories_to_elasticsearch', 'scheduled__2025-01-08T15:25:00+00:00', '--job-id', '15', '--raw', '--subdir', 'DAGS_FOLDER/hackernews_dag.py', '--cfg-path', '/tmp/tmp7ht3__2l']
[2025-01-08T15:30:28.663+0000] {standard_task_runner.py:85} INFO - Job 15: Subtask index_stories_to_elasticsearch
[2025-01-08T15:30:28.674+0000] {logging_mixin.py:151} WARNING - /home/***/.local/lib/python3.8/site-packages/***/settings.py:195 DeprecationWarning: The sql_alchemy_conn option in [core] has been moved to the sql_alchemy_conn option in [database] - the old setting has been used, but please update your config.
[2025-01-08T15:30:28.699+0000] {task_command.py:415} INFO - Running <TaskInstance: hackernews_pipeline.index_stories_to_elasticsearch scheduled__2025-01-08T15:25:00+00:00 [running]> on host b0d8a0cf0007
[2025-01-08T15:30:28.744+0000] {taskinstance.py:1660} INFO - Exporting env vars: AIRFLOW_CTX_DAG_OWNER='***' AIRFLOW_CTX_DAG_ID='hackernews_pipeline' AIRFLOW_CTX_TASK_ID='index_stories_to_elasticsearch' AIRFLOW_CTX_EXECUTION_DATE='2025-01-08T15:25:00+00:00' AIRFLOW_CTX_TRY_NUMBER='1' AIRFLOW_CTX_DAG_RUN_ID='scheduled__2025-01-08T15:25:00+00:00'
[2025-01-08T15:30:29.206+0000] {base.py:107} INFO - POST http://elasticsearch:9200/hackernews/_doc/42633501 [status:200 request:0.459s]
[2025-01-08T15:30:29.222+0000] {base.py:107} INFO - POST http://elasticsearch:9200/hackernews/_doc/42634624 [status:200 request:0.012s]
[2025-01-08T15:30:29.233+0000] {base.py:107} INFO - POST http://elasticsearch:9200/hackernews/_doc/42631873 [status:200 request:0.011s]
[2025-01-08T15:30:29.255+0000] {base.py:107} INFO - POST http://elasticsearch:9200/hackernews/_doc/42633805 [status:200 request:0.021s]
[2025-01-08T15:30:29.265+0000] {base.py:107} INFO - POST http://elasticsearch:9200/hackernews/_doc/42598097 [status:200 request:0.009s]
[2025-01-08T15:30:29.273+0000] {base.py:107} INFO - POST http://elasticsearch:9200/hackernews/_doc/42627453 [status:200 request:0.006s]
[2025-01-08T15:30:29.278+0000] {base.py:107} INFO - POST http://elasticsearch:9200/hackernews/_doc/42621235 [status:200 request:0.004s]
[2025-01-08T15:30:29.283+0000] {base.py:107} INFO - POST http://elasticsearch:9200/hackernews/_doc/42627227 [status:200 request:0.004s]
[2025-01-08T15:30:29.287+0000] {base.py:107} INFO - POST http://elasticsearch:9200/hackernews/_doc/42631629 [status:200 request:0.003s]
[2025-01-08T15:30:29.292+0000] {base.py:107} INFO - POST http://elasticsearch:9200/hackernews/_doc/42606318 [status:200 request:0.004s]
[2025-01-08T15:30:29.296+0000] {base.py:107} INFO - POST http://elasticsearch:9200/hackernews/_doc/42621804 [status:200 request:0.003s]
[2025-01-08T15:30:29.304+0000] {base.py:107} INFO - POST http://elasticsearch:9200/hackernews/_doc/42624116 [status:200 request:0.007s]
[2025-01-08T15:30:29.312+0000] {base.py:107} INFO - POST http://elasticsearch:9200/hackernews/_doc/42629163 [status:200 request:0.006s]
[2025-01-08T15:30:29.317+0000] {base.py:107} INFO - POST http://elasticsearch:9200/hackernews/_doc/42601890 [status:200 request:0.005s]
[2025-01-08T15:30:29.323+0000] {base.py:107} INFO - POST http://elasticsearch:9200/hackernews/_doc/42628414 [status:200 request:0.005s]
[2025-01-08T15:30:29.327+0000] {base.py:107} INFO - POST http://elasticsearch:9200/hackernews/_doc/42631959 [status:200 request:0.004s]
[2025-01-08T15:30:29.332+0000] {base.py:107} INFO - POST http://elasticsearch:9200/hackernews/_doc/42623593 [status:200 request:0.005s]
[2025-01-08T15:30:29.336+0000] {base.py:107} INFO - POST http://elasticsearch:9200/hackernews/_doc/42621033 [status:200 request:0.004s]
[2025-01-08T15:30:29.341+0000] {base.py:107} INFO - POST http://elasticsearch:9200/hackernews/_doc/42626964 [status:200 request:0.004s]
[2025-01-08T15:30:29.346+0000] {base.py:107} INFO - POST http://elasticsearch:9200/hackernews/_doc/42603443 [status:200 request:0.004s]
[2025-01-08T15:30:29.349+0000] {base.py:107} INFO - POST http://elasticsearch:9200/hackernews/_doc/42603188 [status:200 request:0.003s]
[2025-01-08T15:30:29.353+0000] {base.py:107} INFO - POST http://elasticsearch:9200/hackernews/_doc/42606927 [status:200 request:0.003s]
[2025-01-08T15:30:29.358+0000] {base.py:107} INFO - POST http://elasticsearch:9200/hackernews/_doc/42620565 [status:200 request:0.004s]
[2025-01-08T15:30:29.362+0000] {base.py:107} INFO - POST http://elasticsearch:9200/hackernews/_doc/42635089 [status:201 request:0.004s]
[2025-01-08T15:30:29.366+0000] {base.py:107} INFO - POST http://elasticsearch:9200/hackernews/_doc/42632772 [status:200 request:0.003s]
[2025-01-08T15:30:29.370+0000] {base.py:107} INFO - POST http://elasticsearch:9200/hackernews/_doc/42628934 [status:200 request:0.003s]
[2025-01-08T15:30:29.373+0000] {base.py:107} INFO - POST http://elasticsearch:9200/hackernews/_doc/42611971 [status:200 request:0.003s]
[2025-01-08T15:30:29.378+0000] {base.py:107} INFO - POST http://elasticsearch:9200/hackernews/_doc/42621766 [status:200 request:0.004s]
[2025-01-08T15:30:29.381+0000] {base.py:107} INFO - POST http://elasticsearch:9200/hackernews/_doc/42625219 [status:200 request:0.002s]
[2025-01-08T15:30:29.385+0000] {base.py:107} INFO - POST http://elasticsearch:9200/hackernews/_doc/42621627 [status:200 request:0.004s]
[2025-01-08T15:30:29.391+0000] {base.py:107} INFO - POST http://elasticsearch:9200/hackernews/_doc/42605311 [status:200 request:0.005s]
[2025-01-08T15:30:29.394+0000] {base.py:107} INFO - POST http://elasticsearch:9200/hackernews/_doc/42603140 [status:200 request:0.003s]
[2025-01-08T15:30:29.403+0000] {base.py:107} INFO - POST http://elasticsearch:9200/hackernews/_doc/42624048 [status:200 request:0.008s]
[2025-01-08T15:30:29.440+0000] {base.py:107} INFO - POST http://elasticsearch:9200/hackernews/_doc/42633207 [status:200 request:0.034s]
[2025-01-08T15:30:29.458+0000] {base.py:107} INFO - POST http://elasticsearch:9200/hackernews/_doc/42611536 [status:200 request:0.016s]
[2025-01-08T15:30:29.464+0000] {base.py:107} INFO - POST http://elasticsearch:9200/hackernews/_doc/42632865 [status:200 request:0.004s]
[2025-01-08T15:30:29.467+0000] {base.py:107} INFO - POST http://elasticsearch:9200/hackernews/_doc/42631876 [status:200 request:0.003s]
[2025-01-08T15:30:29.471+0000] {base.py:107} INFO - POST http://elasticsearch:9200/hackernews/_doc/42628979 [status:200 request:0.003s]
[2025-01-08T15:30:29.475+0000] {base.py:107} INFO - POST http://elasticsearch:9200/hackernews/_doc/42625193 [status:200 request:0.004s]
[2025-01-08T15:30:29.483+0000] {base.py:107} INFO - POST http://elasticsearch:9200/hackernews/_doc/42631208 [status:200 request:0.007s]
[2025-01-08T15:30:29.489+0000] {base.py:107} INFO - POST http://elasticsearch:9200/hackernews/_doc/42597962 [status:200 request:0.005s]
[2025-01-08T15:30:29.494+0000] {base.py:107} INFO - POST http://elasticsearch:9200/hackernews/_doc/42606285 [status:200 request:0.005s]
[2025-01-08T15:30:29.498+0000] {base.py:107} INFO - POST http://elasticsearch:9200/hackernews/_doc/42627245 [status:200 request:0.003s]
[2025-01-08T15:30:29.502+0000] {base.py:107} INFO - POST http://elasticsearch:9200/hackernews/_doc/42627567 [status:200 request:0.004s]
[2025-01-08T15:30:29.506+0000] {base.py:107} INFO - POST http://elasticsearch:9200/hackernews/_doc/42632848 [status:200 request:0.003s]
[2025-01-08T15:30:29.510+0000] {base.py:107} INFO - POST http://elasticsearch:9200/hackernews/_doc/42632592 [status:200 request:0.003s]
[2025-01-08T15:30:29.513+0000] {base.py:107} INFO - POST http://elasticsearch:9200/hackernews/_doc/42617645 [status:200 request:0.003s]
[2025-01-08T15:30:29.516+0000] {base.py:107} INFO - POST http://elasticsearch:9200/hackernews/_doc/42619652 [status:200 request:0.002s]
[2025-01-08T15:30:29.520+0000] {base.py:107} INFO - POST http://elasticsearch:9200/hackernews/_doc/42633421 [status:201 request:0.004s]
[2025-01-08T15:30:29.521+0000] {logging_mixin.py:151} INFO - 49 histoires indexées dans Elasticsearch.
[2025-01-08T15:30:29.521+0000] {python.py:194} INFO - Done. Returned value was: None
[2025-01-08T15:30:29.551+0000] {taskinstance.py:1398} INFO - Marking task as SUCCESS. dag_id=hackernews_pipeline, task_id=index_stories_to_elasticsearch, execution_date=20250108T152500, start_date=20250108T153028, end_date=20250108T153029
[2025-01-08T15:30:29.623+0000] {local_task_job_runner.py:228} INFO - Task exited with return code 0
[2025-01-08T15:30:29.659+0000] {taskinstance.py:2776} INFO - 0 downstream tasks scheduled from follow-on schedule check
[2025-01-08T15:33:30.924+0000] {taskinstance.py:1157} INFO - Dependencies all met for dep_context=non-requeueable deps ti=<TaskInstance: hackernews_pipeline.index_stories_to_elasticsearch scheduled__2025-01-08T15:25:00+00:00 [queued]>
[2025-01-08T15:33:30.933+0000] {taskinstance.py:1157} INFO - Dependencies all met for dep_context=requeueable deps ti=<TaskInstance: hackernews_pipeline.index_stories_to_elasticsearch scheduled__2025-01-08T15:25:00+00:00 [queued]>
[2025-01-08T15:33:30.934+0000] {taskinstance.py:1359} INFO - Starting attempt 1 of 2
[2025-01-08T15:33:30.949+0000] {taskinstance.py:1380} INFO - Executing <Task(PythonOperator): index_stories_to_elasticsearch> on 2025-01-08 15:25:00+00:00
[2025-01-08T15:33:30.953+0000] {standard_task_runner.py:57} INFO - Started process 1096 to run task
[2025-01-08T15:33:30.956+0000] {standard_task_runner.py:84} INFO - Running: ['***', 'tasks', 'run', 'hackernews_pipeline', 'index_stories_to_elasticsearch', 'scheduled__2025-01-08T15:25:00+00:00', '--job-id', '20', '--raw', '--subdir', 'DAGS_FOLDER/hackernews_dag.py', '--cfg-path', '/tmp/tmp7v_ooif8']
[2025-01-08T15:33:30.958+0000] {standard_task_runner.py:85} INFO - Job 20: Subtask index_stories_to_elasticsearch
[2025-01-08T15:33:30.971+0000] {logging_mixin.py:151} WARNING - /home/***/.local/lib/python3.8/site-packages/***/settings.py:195 DeprecationWarning: The sql_alchemy_conn option in [core] has been moved to the sql_alchemy_conn option in [database] - the old setting has been used, but please update your config.
[2025-01-08T15:33:31.001+0000] {task_command.py:415} INFO - Running <TaskInstance: hackernews_pipeline.index_stories_to_elasticsearch scheduled__2025-01-08T15:25:00+00:00 [running]> on host b0d8a0cf0007
[2025-01-08T15:33:31.077+0000] {taskinstance.py:1660} INFO - Exporting env vars: AIRFLOW_CTX_DAG_OWNER='***' AIRFLOW_CTX_DAG_ID='hackernews_pipeline' AIRFLOW_CTX_TASK_ID='index_stories_to_elasticsearch' AIRFLOW_CTX_EXECUTION_DATE='2025-01-08T15:25:00+00:00' AIRFLOW_CTX_TRY_NUMBER='1' AIRFLOW_CTX_DAG_RUN_ID='scheduled__2025-01-08T15:25:00+00:00'
[2025-01-08T15:33:31.118+0000] {base.py:107} INFO - POST http://elasticsearch:9200/hackernews/_doc/42633501 [status:200 request:0.039s]
[2025-01-08T15:33:31.127+0000] {base.py:107} INFO - POST http://elasticsearch:9200/hackernews/_doc/42634624 [status:200 request:0.008s]
[2025-01-08T15:33:31.135+0000] {base.py:107} INFO - POST http://elasticsearch:9200/hackernews/_doc/42631873 [status:200 request:0.007s]
[2025-01-08T15:33:31.141+0000] {base.py:107} INFO - POST http://elasticsearch:9200/hackernews/_doc/42633805 [status:200 request:0.005s]
[2025-01-08T15:33:31.145+0000] {base.py:107} INFO - POST http://elasticsearch:9200/hackernews/_doc/42598097 [status:200 request:0.003s]
[2025-01-08T15:33:31.148+0000] {base.py:107} INFO - POST http://elasticsearch:9200/hackernews/_doc/42627453 [status:200 request:0.003s]
[2025-01-08T15:33:31.151+0000] {base.py:107} INFO - POST http://elasticsearch:9200/hackernews/_doc/42627227 [status:200 request:0.003s]
[2025-01-08T15:33:31.156+0000] {base.py:107} INFO - POST http://elasticsearch:9200/hackernews/_doc/42621235 [status:200 request:0.004s]
[2025-01-08T15:33:31.159+0000] {base.py:107} INFO - POST http://elasticsearch:9200/hackernews/_doc/42631629 [status:200 request:0.002s]
[2025-01-08T15:33:31.162+0000] {base.py:107} INFO - POST http://elasticsearch:9200/hackernews/_doc/42621804 [status:200 request:0.003s]
[2025-01-08T15:33:31.164+0000] {base.py:107} INFO - POST http://elasticsearch:9200/hackernews/_doc/42606318 [status:200 request:0.002s]
[2025-01-08T15:33:31.167+0000] {base.py:107} INFO - POST http://elasticsearch:9200/hackernews/_doc/42624116 [status:200 request:0.002s]
[2025-01-08T15:33:31.169+0000] {base.py:107} INFO - POST http://elasticsearch:9200/hackernews/_doc/42629163 [status:200 request:0.002s]
[2025-01-08T15:33:31.172+0000] {base.py:107} INFO - POST http://elasticsearch:9200/hackernews/_doc/42601890 [status:200 request:0.002s]
[2025-01-08T15:33:31.175+0000] {base.py:107} INFO - POST http://elasticsearch:9200/hackernews/_doc/42628414 [status:200 request:0.002s]
[2025-01-08T15:33:31.177+0000] {base.py:107} INFO - POST http://elasticsearch:9200/hackernews/_doc/42631959 [status:200 request:0.002s]
[2025-01-08T15:33:31.180+0000] {base.py:107} INFO - POST http://elasticsearch:9200/hackernews/_doc/42623593 [status:200 request:0.002s]
[2025-01-08T15:33:31.183+0000] {base.py:107} INFO - POST http://elasticsearch:9200/hackernews/_doc/42621033 [status:200 request:0.002s]
[2025-01-08T15:33:31.186+0000] {base.py:107} INFO - POST http://elasticsearch:9200/hackernews/_doc/42626964 [status:200 request:0.003s]
[2025-01-08T15:33:31.189+0000] {base.py:107} INFO - POST http://elasticsearch:9200/hackernews/_doc/42620565 [status:200 request:0.002s]
[2025-01-08T15:33:31.192+0000] {base.py:107} INFO - POST http://elasticsearch:9200/hackernews/_doc/42603443 [status:200 request:0.003s]
[2025-01-08T15:33:31.195+0000] {base.py:107} INFO - POST http://elasticsearch:9200/hackernews/_doc/42606927 [status:200 request:0.003s]
[2025-01-08T15:33:31.198+0000] {base.py:107} INFO - POST http://elasticsearch:9200/hackernews/_doc/42603188 [status:200 request:0.003s]
[2025-01-08T15:33:31.201+0000] {base.py:107} INFO - POST http://elasticsearch:9200/hackernews/_doc/42632772 [status:200 request:0.003s]
[2025-01-08T15:33:31.204+0000] {base.py:107} INFO - POST http://elasticsearch:9200/hackernews/_doc/42635089 [status:200 request:0.002s]
[2025-01-08T15:33:31.206+0000] {base.py:107} INFO - POST http://elasticsearch:9200/hackernews/_doc/42628934 [status:200 request:0.002s]
[2025-01-08T15:33:31.209+0000] {base.py:107} INFO - POST http://elasticsearch:9200/hackernews/_doc/42611971 [status:200 request:0.003s]
[2025-01-08T15:33:31.212+0000] {base.py:107} INFO - POST http://elasticsearch:9200/hackernews/_doc/42621766 [status:200 request:0.002s]
[2025-01-08T15:33:31.214+0000] {base.py:107} INFO - POST http://elasticsearch:9200/hackernews/_doc/42621627 [status:200 request:0.002s]
[2025-01-08T15:33:31.217+0000] {base.py:107} INFO - POST http://elasticsearch:9200/hackernews/_doc/42625219 [status:200 request:0.002s]
[2025-01-08T15:33:31.219+0000] {base.py:107} INFO - POST http://elasticsearch:9200/hackernews/_doc/42605311 [status:200 request:0.002s]
[2025-01-08T15:33:31.222+0000] {base.py:107} INFO - POST http://elasticsearch:9200/hackernews/_doc/42603140 [status:200 request:0.002s]
[2025-01-08T15:33:31.225+0000] {base.py:107} INFO - POST http://elasticsearch:9200/hackernews/_doc/42624048 [status:200 request:0.002s]
[2025-01-08T15:33:31.229+0000] {base.py:107} INFO - POST http://elasticsearch:9200/hackernews/_doc/42611536 [status:200 request:0.003s]
[2025-01-08T15:33:31.233+0000] {base.py:107} INFO - POST http://elasticsearch:9200/hackernews/_doc/42633207 [status:200 request:0.003s]
[2025-01-08T15:33:31.237+0000] {base.py:107} INFO - POST http://elasticsearch:9200/hackernews/_doc/42632865 [status:200 request:0.004s]
[2025-01-08T15:33:31.240+0000] {base.py:107} INFO - POST http://elasticsearch:9200/hackernews/_doc/42631876 [status:200 request:0.002s]
[2025-01-08T15:33:31.243+0000] {base.py:107} INFO - POST http://elasticsearch:9200/hackernews/_doc/42628979 [status:200 request:0.002s]
[2025-01-08T15:33:31.247+0000] {base.py:107} INFO - POST http://elasticsearch:9200/hackernews/_doc/42625193 [status:200 request:0.004s]
[2025-01-08T15:33:31.251+0000] {base.py:107} INFO - POST http://elasticsearch:9200/hackernews/_doc/42631208 [status:200 request:0.003s]
[2025-01-08T15:33:31.255+0000] {base.py:107} INFO - POST http://elasticsearch:9200/hackernews/_doc/42597962 [status:200 request:0.004s]
[2025-01-08T15:33:31.261+0000] {base.py:107} INFO - POST http://elasticsearch:9200/hackernews/_doc/42606285 [status:200 request:0.004s]
[2025-01-08T15:33:31.265+0000] {base.py:107} INFO - POST http://elasticsearch:9200/hackernews/_doc/42627245 [status:200 request:0.004s]
[2025-01-08T15:33:31.270+0000] {base.py:107} INFO - POST http://elasticsearch:9200/hackernews/_doc/42627567 [status:200 request:0.005s]
[2025-01-08T15:33:31.274+0000] {base.py:107} INFO - POST http://elasticsearch:9200/hackernews/_doc/42632848 [status:200 request:0.003s]
[2025-01-08T15:33:31.280+0000] {base.py:107} INFO - POST http://elasticsearch:9200/hackernews/_doc/42617645 [status:200 request:0.004s]
[2025-01-08T15:33:31.282+0000] {base.py:107} INFO - POST http://elasticsearch:9200/hackernews/_doc/42632592 [status:200 request:0.002s]
[2025-01-08T15:33:31.286+0000] {base.py:107} INFO - POST http://elasticsearch:9200/hackernews/_doc/42619652 [status:200 request:0.003s]
[2025-01-08T15:33:31.289+0000] {base.py:107} INFO - POST http://elasticsearch:9200/hackernews/_doc/42601013 [status:200 request:0.003s]
[2025-01-08T15:33:31.290+0000] {logging_mixin.py:151} INFO - 49 histoires indexées dans Elasticsearch.
[2025-01-08T15:33:31.290+0000] {python.py:194} INFO - Done. Returned value was: None
[2025-01-08T15:33:31.302+0000] {taskinstance.py:1398} INFO - Marking task as SUCCESS. dag_id=hackernews_pipeline, task_id=index_stories_to_elasticsearch, execution_date=20250108T152500, start_date=20250108T153330, end_date=20250108T153331
[2025-01-08T15:33:31.342+0000] {local_task_job_runner.py:228} INFO - Task exited with return code 0
[2025-01-08T15:33:31.361+0000] {taskinstance.py:2776} INFO - 0 downstream tasks scheduled from follow-on schedule check
