[2025-01-15T15:30:50.840+0000] {manager.py:487} INFO - Processing files using up to 2 processes at a time 
[2025-01-15T15:30:50.842+0000] {manager.py:488} INFO - Process each file at most once every 30 seconds
[2025-01-15T15:30:50.843+0000] {manager.py:489} INFO - Checking for new files in /opt/airflow/dags every 300 seconds
[2025-01-15T15:30:50.847+0000] {manager.py:759} INFO - Searching for files in /opt/airflow/dags
[2025-01-15T15:30:50.900+0000] {manager.py:762} INFO - There are 2 files in /opt/airflow/dags
[2025-01-15T15:30:51.921+0000] {manager.py:893} INFO - 
================================================================================
DAG File Processing Stats

File Path                              PID  Runtime      # DAGs    # Errors  Last Runtime    Last Run
-----------------------------------  -----  ---------  --------  ----------  --------------  ----------
/opt/airflow/dags/wikitext_dag.py      166  0.50s             0           0
/opt/airflow/dags/hackernews_dag.py    169  0.39s             0           0
================================================================================
[2025-01-15T15:31:22.174+0000] {manager.py:893} INFO - 
================================================================================
DAG File Processing Stats

File Path                            PID    Runtime      # DAGs    # Errors  Last Runtime    Last Run
-----------------------------------  -----  ---------  --------  ----------  --------------  -------------------
/opt/airflow/dags/wikitext_dag.py                             1           0  4.55s           2025-01-15T15:30:55
/opt/airflow/dags/hackernews_dag.py                           1           0  4.45s           2025-01-15T15:30:55
================================================================================
[2025-01-15T15:31:53.033+0000] {manager.py:893} INFO - 
================================================================================
DAG File Processing Stats

File Path                            PID    Runtime      # DAGs    # Errors  Last Runtime    Last Run
-----------------------------------  -----  ---------  --------  ----------  --------------  -------------------
/opt/airflow/dags/wikitext_dag.py                             1           0  2.18s           2025-01-15T15:31:28
/opt/airflow/dags/hackernews_dag.py                           1           0  1.97s           2025-01-15T15:31:28
================================================================================
[2025-01-15T15:32:23.622+0000] {manager.py:893} INFO - 
================================================================================
DAG File Processing Stats

File Path                            PID    Runtime      # DAGs    # Errors  Last Runtime    Last Run
-----------------------------------  -----  ---------  --------  ----------  --------------  -------------------
/opt/airflow/dags/wikitext_dag.py                             1           0  2.40s           2025-01-15T15:32:01
/opt/airflow/dags/hackernews_dag.py                           1           0  2.31s           2025-01-15T15:32:01
================================================================================
[2025-01-15T15:32:53.989+0000] {manager.py:893} INFO - 
================================================================================
DAG File Processing Stats

File Path                            PID    Runtime      # DAGs    # Errors  Last Runtime    Last Run
-----------------------------------  -----  ---------  --------  ----------  --------------  -------------------
/opt/airflow/dags/wikitext_dag.py                             1           0  4.40s           2025-01-15T15:32:36
/opt/airflow/dags/hackernews_dag.py                           1           0  4.12s           2025-01-15T15:32:36
================================================================================
[2025-01-15T15:33:24.992+0000] {manager.py:893} INFO - 
================================================================================
DAG File Processing Stats

File Path                            PID    Runtime      # DAGs    # Errors  Last Runtime    Last Run
-----------------------------------  -----  ---------  --------  ----------  --------------  -------------------
/opt/airflow/dags/wikitext_dag.py                             1           0  12.56s          2025-01-15T15:33:20
/opt/airflow/dags/hackernews_dag.py                           1           0  12.30s          2025-01-15T15:33:20
================================================================================
[2025-01-15T15:33:56.439+0000] {manager.py:893} INFO - 
================================================================================
DAG File Processing Stats

File Path                              PID  Runtime      # DAGs    # Errors  Last Runtime    Last Run
-----------------------------------  -----  ---------  --------  ----------  --------------  -------------------
/opt/airflow/dags/wikitext_dag.py      366  4.86s             1           0  12.56s          2025-01-15T15:33:20
/opt/airflow/dags/hackernews_dag.py    367  4.66s             1           0  12.30s          2025-01-15T15:33:20
================================================================================
[2025-01-15T15:34:28.268+0000] {manager.py:893} INFO - 
================================================================================
DAG File Processing Stats

File Path                              PID  Runtime      # DAGs    # Errors  Last Runtime    Last Run
-----------------------------------  -----  ---------  --------  ----------  --------------  -------------------
/opt/airflow/dags/wikitext_dag.py      366  37.16s            1           0  12.56s          2025-01-15T15:33:20
/opt/airflow/dags/hackernews_dag.py    367  36.95s            1           0  12.30s          2025-01-15T15:33:20
================================================================================
[2025-01-15T15:34:31.736+0000] {manager.py:469} INFO - Exiting gracefully upon receiving signal 15
